[2022-06-01 04:48:10] local.ERROR: SQLSTATE[HY000] [1698] Access denied for user 'root'@'localhost' (SQL: select * from information_schema.tables where table_schema = laravelcr and table_name = migrations and table_type = 'BASE TABLE') {"exception":"[object] (Illuminate\\Database\\QueryException(code: 1698): SQLSTATE[HY000] [1698] Access denied for user 'root'@'localhost' (SQL: select * from information_schema.tables where table_schema = laravelcr and table_name = migrations and table_type = 'BASE TABLE') at /media/rizky/B/file lama/kampus/SMT6/Rekayasa Web/praktikum/laravel-CreateRead/vendor/laravel/framework/src/Illuminate/Database/Connection.php:742)
[stacktrace]
#0 /media/rizky/B/file lama/kampus/SMT6/Rekayasa Web/praktikum/laravel-CreateRead/vendor/laravel/framework/src/Illuminate/Database/Connection.php(702): Illuminate\\Database\\Connection->runQueryCallback()
#1 /media/rizky/B/file lama/kampus/SMT6/Rekayasa Web/praktikum/laravel-CreateRead/vendor/laravel/framework/src/Illuminate/Database/Connection.php(404): Illuminate\\Database\\Connection->run()
#2 /media/rizky/B/file lama/kampus/SMT6/Rekayasa Web/praktikum/laravel-CreateRead/vendor/laravel/framework/src/Illuminate/Database/Schema/MySqlBuilder.php(44): Illuminate\\Database\\Connection->select()
#3 /media/rizky/B/file lama/kampus/SMT6/Rekayasa Web/praktikum/laravel-CreateRead/vendor/laravel/framework/src/Illuminate/Database/Migrations/DatabaseMigrationRepository.php(169): Illuminate\\Database\\Schema\\MySqlBuilder->hasTable()
#4 /media/rizky/B/file lama/kampus/SMT6/Rekayasa Web/praktikum/laravel-CreateRead/vendor/laravel/framework/src/Illuminate/Database/Migrations/Migrator.php(673): Illuminate\\Database\\Migrations\\DatabaseMigrationRepository->repositoryExists()
#5 /media/rizky/B/file lama/kampus/SMT6/Rekayasa Web/praktikum/laravel-CreateRead/vendor/laravel/framework/src/Illuminate/Database/Console/Migrations/MigrateCommand.php(110): Illuminate\\Database\\Migrations\\Migrator->repositoryExists()
#6 /media/rizky/B/file lama/kampus/SMT6/Rekayasa Web/praktikum/laravel-CreateRead/vendor/laravel/framework/src/Illuminate/Database/Console/Migrations/MigrateCommand.php(78): Illuminate\\Database\\Console\\Migrations\\MigrateCommand->prepareDatabase()
#7 /media/rizky/B/file lama/kampus/SMT6/Rekayasa Web/praktikum/laravel-CreateRead/vendor/laravel/framework/src/Illuminate/Database/Migrations/Migrator.php(606): Illuminate\\Database\\Console\\Migrations\\MigrateCommand->Illuminate\\Database\\Console\\Migrations\\{closure}()
#8 /media/rizky/B/file lama/kampus/SMT6/Rekayasa Web/praktikum/laravel-CreateRead/vendor/laravel/framework/src/Illuminate/Database/Console/Migrations/MigrateCommand.php(98): Illuminate\\Database\\Migrations\\Migrator->usingConnection()
#9 /media/rizky/B/file lama/kampus/SMT6/Rekayasa Web/praktikum/laravel-CreateRead/vendor/laravel/framework/src/Illuminate/Container/BoundMethod.php(36): Illuminate\\Database\\Console\\Migrations\\MigrateCommand->handle()
#10 /media/rizky/B/file lama/kampus/SMT6/Rekayasa Web/praktikum/laravel-CreateRead/vendor/laravel/framework/src/Illuminate/Container/Util.php(41): Illuminate\\Container\\BoundMethod::Illuminate\\Container\\{closure}()
#11 /media/rizky/B/file lama/kampus/SMT6/Rekayasa Web/praktikum/laravel-CreateRead/vendor/laravel/framework/src/Illuminate/Container/BoundMethod.php(93): Illuminate\\Container\\Util::unwrapIfClosure()
#12 /media/rizky/B/file lama/kampus/SMT6/Rekayasa Web/praktikum/laravel-CreateRead/vendor/laravel/framework/src/Illuminate/Container/BoundMethod.php(37): Illuminate\\Container\\BoundMethod::callBoundMethod()
#13 /media/rizky/B/file lama/kampus/SMT6/Rekayasa Web/praktikum/laravel-CreateRead/vendor/laravel/framework/src/Illuminate/Container/Container.php(651): Illuminate\\Container\\BoundMethod::call()
#14 /media/rizky/B/file lama/kampus/SMT6/Rekayasa Web/praktikum/laravel-CreateRead/vendor/laravel/framework/src/Illuminate/Console/Command.php(136): Illuminate\\Container\\Container->call()
#15 /media/rizky/B/file lama/kampus/SMT6/Rekayasa Web/praktikum/laravel-CreateRead/vendor/symfony/console/Command/Command.php(308): Illuminate\\Console\\Command->execute()
#16 /media/rizky/B/file lama/kampus/SMT6/Rekayasa Web/praktikum/laravel-CreateRead/vendor/laravel/framework/src/Illuminate/Console/Command.php(121): Symfony\\Component\\Console\\Command\\Command->run()
#17 /media/rizky/B/file lama/kampus/SMT6/Rekayasa Web/praktikum/laravel-CreateRead/vendor/symfony/console/Application.php(998): Illuminate\\Console\\Command->run()
#18 /media/rizky/B/file lama/kampus/SMT6/Rekayasa Web/praktikum/laravel-CreateRead/vendor/symfony/console/Application.php(299): Symfony\\Component\\Console\\Application->doRunCommand()
#19 /media/rizky/B/file lama/kampus/SMT6/Rekayasa Web/praktikum/laravel-CreateRead/vendor/symfony/console/Application.php(171): Symfony\\Component\\Console\\Application->doRun()
#20 /media/rizky/B/file lama/kampus/SMT6/Rekayasa Web/praktikum/laravel-CreateRead/vendor/laravel/framework/src/Illuminate/Console/Application.php(102): Symfony\\Component\\Console\\Application->run()
#21 /media/rizky/B/file lama/kampus/SMT6/Rekayasa Web/praktikum/laravel-CreateRead/vendor/laravel/framework/src/Illuminate/Foundation/Console/Kernel.php(129): Illuminate\\Console\\Application->run()
#22 /media/rizky/B/file lama/kampus/SMT6/Rekayasa Web/praktikum/laravel-CreateRead/artisan(37): Illuminate\\Foundation\\Console\\Kernel->handle()
#23 {main}

[previous exception] [object] (PDOException(code: 1698): SQLSTATE[HY000] [1698] Access denied for user 'root'@'localhost' at /media/rizky/B/file lama/kampus/SMT6/Rekayasa Web/praktikum/laravel-CreateRead/vendor/laravel/framework/src/Illuminate/Database/Connectors/Connector.php:70)
[stacktrace]
#0 /media/rizky/B/file lama/kampus/SMT6/Rekayasa Web/praktikum/laravel-CreateRead/vendor/laravel/framework/src/Illuminate/Database/Connectors/Connector.php(70): PDO->__construct()
#1 /media/rizky/B/file lama/kampus/SMT6/Rekayasa Web/praktikum/laravel-CreateRead/vendor/laravel/framework/src/Illuminate/Database/Connectors/Connector.php(46): Illuminate\\Database\\Connectors\\Connector->createPdoConnection()
#2 /media/rizky/B/file lama/kampus/SMT6/Rekayasa Web/praktikum/laravel-CreateRead/vendor/laravel/framework/src/Illuminate/Database/Connectors/MySqlConnector.php(24): Illuminate\\Database\\Connectors\\Connector->createConnection()
#3 /media/rizky/B/file lama/kampus/SMT6/Rekayasa Web/praktikum/laravel-CreateRead/vendor/laravel/framework/src/Illuminate/Database/Connectors/ConnectionFactory.php(184): Illuminate\\Database\\Connectors\\MySqlConnector->connect()
#4 [internal function]: Illuminate\\Database\\Connectors\\ConnectionFactory->Illuminate\\Database\\Connectors\\{closure}()
#5 /media/rizky/B/file lama/kampus/SMT6/Rekayasa Web/praktikum/laravel-CreateRead/vendor/laravel/framework/src/Illuminate/Database/Connection.php(1084): call_user_func()
#6 /media/rizky/B/file lama/kampus/SMT6/Rekayasa Web/praktikum/laravel-CreateRead/vendor/laravel/framework/src/Illuminate/Database/Connection.php(1120): Illuminate\\Database\\Connection->getPdo()
#7 /media/rizky/B/file lama/kampus/SMT6/Rekayasa Web/praktikum/laravel-CreateRead/vendor/laravel/framework/src/Illuminate/Database/Connection.php(468): Illuminate\\Database\\Connection->getReadPdo()
#8 /media/rizky/B/file lama/kampus/SMT6/Rekayasa Web/praktikum/laravel-CreateRead/vendor/laravel/framework/src/Illuminate/Database/Connection.php(396): Illuminate\\Database\\Connection->getPdoForSelect()
#9 /media/rizky/B/file lama/kampus/SMT6/Rekayasa Web/praktikum/laravel-CreateRead/vendor/laravel/framework/src/Illuminate/Database/Connection.php(735): Illuminate\\Database\\Connection->Illuminate\\Database\\{closure}()
#10 /media/rizky/B/file lama/kampus/SMT6/Rekayasa Web/praktikum/laravel-CreateRead/vendor/laravel/framework/src/Illuminate/Database/Connection.php(702): Illuminate\\Database\\Connection->runQueryCallback()
#11 /media/rizky/B/file lama/kampus/SMT6/Rekayasa Web/praktikum/laravel-CreateRead/vendor/laravel/framework/src/Illuminate/Database/Connection.php(404): Illuminate\\Database\\Connection->run()
#12 /media/rizky/B/file lama/kampus/SMT6/Rekayasa Web/praktikum/laravel-CreateRead/vendor/laravel/framework/src/Illuminate/Database/Schema/MySqlBuilder.php(44): Illuminate\\Database\\Connection->select()
#13 /media/rizky/B/file lama/kampus/SMT6/Rekayasa Web/praktikum/laravel-CreateRead/vendor/laravel/framework/src/Illuminate/Database/Migrations/DatabaseMigrationRepository.php(169): Illuminate\\Database\\Schema\\MySqlBuilder->hasTable()
#14 /media/rizky/B/file lama/kampus/SMT6/Rekayasa Web/praktikum/laravel-CreateRead/vendor/laravel/framework/src/Illuminate/Database/Migrations/Migrator.php(673): Illuminate\\Database\\Migrations\\DatabaseMigrationRepository->repositoryExists()
#15 /media/rizky/B/file lama/kampus/SMT6/Rekayasa Web/praktikum/laravel-CreateRead/vendor/laravel/framework/src/Illuminate/Database/Console/Migrations/MigrateCommand.php(110): Illuminate\\Database\\Migrations\\Migrator->repositoryExists()
#16 /media/rizky/B/file lama/kampus/SMT6/Rekayasa Web/praktikum/laravel-CreateRead/vendor/laravel/framework/src/Illuminate/Database/Console/Migrations/MigrateCommand.php(78): Illuminate\\Database\\Console\\Migrations\\MigrateCommand->prepareDatabase()
#17 /media/rizky/B/file lama/kampus/SMT6/Rekayasa Web/praktikum/laravel-CreateRead/vendor/laravel/framework/src/Illuminate/Database/Migrations/Migrator.php(606): Illuminate\\Database\\Console\\Migrations\\MigrateCommand->Illuminate\\Database\\Console\\Migrations\\{closure}()
#18 /media/rizky/B/file lama/kampus/SMT6/Rekayasa Web/praktikum/laravel-CreateRead/vendor/laravel/framework/src/Illuminate/Database/Console/Migrations/MigrateCommand.php(98): Illuminate\\Database\\Migrations\\Migrator->usingConnection()
#19 /media/rizky/B/file lama/kampus/SMT6/Rekayasa Web/praktikum/laravel-CreateRead/vendor/laravel/framework/src/Illuminate/Container/BoundMethod.php(36): Illuminate\\Database\\Console\\Migrations\\MigrateCommand->handle()
#20 /media/rizky/B/file lama/kampus/SMT6/Rekayasa Web/praktikum/laravel-CreateRead/vendor/laravel/framework/src/Illuminate/Container/Util.php(41): Illuminate\\Container\\BoundMethod::Illuminate\\Container\\{closure}()
#21 /media/rizky/B/file lama/kampus/SMT6/Rekayasa Web/praktikum/laravel-CreateRead/vendor/laravel/framework/src/Illuminate/Container/BoundMethod.php(93): Illuminate\\Container\\Util::unwrapIfClosure()
#22 /media/rizky/B/file lama/kampus/SMT6/Rekayasa Web/praktikum/laravel-CreateRead/vendor/laravel/framework/src/Illuminate/Container/BoundMethod.php(37): Illuminate\\Container\\BoundMethod::callBoundMethod()
#23 /media/rizky/B/file lama/kampus/SMT6/Rekayasa Web/praktikum/laravel-CreateRead/vendor/laravel/framework/src/Illuminate/Container/Container.php(651): Illuminate\\Container\\BoundMethod::call()
#24 /media/rizky/B/file lama/kampus/SMT6/Rekayasa Web/praktikum/laravel-CreateRead/vendor/laravel/framework/src/Illuminate/Console/Command.php(136): Illuminate\\Container\\Container->call()
#25 /media/rizky/B/file lama/kampus/SMT6/Rekayasa Web/praktikum/laravel-CreateRead/vendor/symfony/console/Command/Command.php(308): Illuminate\\Console\\Command->execute()
#26 /media/rizky/B/file lama/kampus/SMT6/Rekayasa Web/praktikum/laravel-CreateRead/vendor/laravel/framework/src/Illuminate/Console/Command.php(121): Symfony\\Component\\Console\\Command\\Command->run()
#27 /media/rizky/B/file lama/kampus/SMT6/Rekayasa Web/praktikum/laravel-CreateRead/vendor/symfony/console/Application.php(998): Illuminate\\Console\\Command->run()
#28 /media/rizky/B/file lama/kampus/SMT6/Rekayasa Web/praktikum/laravel-CreateRead/vendor/symfony/console/Application.php(299): Symfony\\Component\\Console\\Application->doRunCommand()
#29 /media/rizky/B/file lama/kampus/SMT6/Rekayasa Web/praktikum/laravel-CreateRead/vendor/symfony/console/Application.php(171): Symfony\\Component\\Console\\Application->doRun()
#30 /media/rizky/B/file lama/kampus/SMT6/Rekayasa Web/praktikum/laravel-CreateRead/vendor/laravel/framework/src/Illuminate/Console/Application.php(102): Symfony\\Component\\Console\\Application->run()
#31 /media/rizky/B/file lama/kampus/SMT6/Rekayasa Web/praktikum/laravel-CreateRead/vendor/laravel/framework/src/Illuminate/Foundation/Console/Kernel.php(129): Illuminate\\Console\\Application->run()
#32 /media/rizky/B/file lama/kampus/SMT6/Rekayasa Web/praktikum/laravel-CreateRead/artisan(37): Illuminate\\Foundation\\Console\\Kernel->handle()
#33 {main}
"} 
[2022-06-01 04:49:02] local.ERROR: SQLSTATE[HY000] [1698] Access denied for user 'root'@'localhost' (SQL: select * from information_schema.tables where table_schema = laravelcr and table_name = migrations and table_type = 'BASE TABLE') {"exception":"[object] (Illuminate\\Database\\QueryException(code: 1698): SQLSTATE[HY000] [1698] Access denied for user 'root'@'localhost' (SQL: select * from information_schema.tables where table_schema = laravelcr and table_name = migrations and table_type = 'BASE TABLE') at /media/rizky/B/file lama/kampus/SMT6/Rekayasa Web/praktikum/laravel-CreateRead/vendor/laravel/framework/src/Illuminate/Database/Connection.php:742)
[stacktrace]
#0 /media/rizky/B/file lama/kampus/SMT6/Rekayasa Web/praktikum/laravel-CreateRead/vendor/laravel/framework/src/Illuminate/Database/Connection.php(702): Illuminate\\Database\\Connection->runQueryCallback()
#1 /media/rizky/B/file lama/kampus/SMT6/Rekayasa Web/praktikum/laravel-CreateRead/vendor/laravel/framework/src/Illuminate/Database/Connection.php(404): Illuminate\\Database\\Connection->run()
#2 /media/rizky/B/file lama/kampus/SMT6/Rekayasa Web/praktikum/laravel-CreateRead/vendor/laravel/framework/src/Illuminate/Database/Schema/MySqlBuilder.php(44): Illuminate\\Database\\Connection->select()
#3 /media/rizky/B/file lama/kampus/SMT6/Rekayasa Web/praktikum/laravel-CreateRead/vendor/laravel/framework/src/Illuminate/Database/Migrations/DatabaseMigrationRepository.php(169): Illuminate\\Database\\Schema\\MySqlBuilder->hasTable()
#4 /media/rizky/B/file lama/kampus/SMT6/Rekayasa Web/praktikum/laravel-CreateRead/vendor/laravel/framework/src/Illuminate/Database/Migrations/Migrator.php(673): Illuminate\\Database\\Migrations\\DatabaseMigrationRepository->repositoryExists()
#5 /media/rizky/B/file lama/kampus/SMT6/Rekayasa Web/praktikum/laravel-CreateRead/vendor/laravel/framework/src/Illuminate/Database/Console/Migrations/MigrateCommand.php(110): Illuminate\\Database\\Migrations\\Migrator->repositoryExists()
#6 /media/rizky/B/file lama/kampus/SMT6/Rekayasa Web/praktikum/laravel-CreateRead/vendor/laravel/framework/src/Illuminate/Database/Console/Migrations/MigrateCommand.php(78): Illuminate\\Database\\Console\\Migrations\\MigrateCommand->prepareDatabase()
#7 /media/rizky/B/file lama/kampus/SMT6/Rekayasa Web/praktikum/laravel-CreateRead/vendor/laravel/framework/src/Illuminate/Database/Migrations/Migrator.php(606): Illuminate\\Database\\Console\\Migrations\\MigrateCommand->Illuminate\\Database\\Console\\Migrations\\{closure}()
#8 /media/rizky/B/file lama/kampus/SMT6/Rekayasa Web/praktikum/laravel-CreateRead/vendor/laravel/framework/src/Illuminate/Database/Console/Migrations/MigrateCommand.php(98): Illuminate\\Database\\Migrations\\Migrator->usingConnection()
#9 /media/rizky/B/file lama/kampus/SMT6/Rekayasa Web/praktikum/laravel-CreateRead/vendor/laravel/framework/src/Illuminate/Container/BoundMethod.php(36): Illuminate\\Database\\Console\\Migrations\\MigrateCommand->handle()
#10 /media/rizky/B/file lama/kampus/SMT6/Rekayasa Web/praktikum/laravel-CreateRead/vendor/laravel/framework/src/Illuminate/Container/Util.php(41): Illuminate\\Container\\BoundMethod::Illuminate\\Container\\{closure}()
#11 /media/rizky/B/file lama/kampus/SMT6/Rekayasa Web/praktikum/laravel-CreateRead/vendor/laravel/framework/src/Illuminate/Container/BoundMethod.php(93): Illuminate\\Container\\Util::unwrapIfClosure()
#12 /media/rizky/B/file lama/kampus/SMT6/Rekayasa Web/praktikum/laravel-CreateRead/vendor/laravel/framework/src/Illuminate/Container/BoundMethod.php(37): Illuminate\\Container\\BoundMethod::callBoundMethod()
#13 /media/rizky/B/file lama/kampus/SMT6/Rekayasa Web/praktikum/laravel-CreateRead/vendor/laravel/framework/src/Illuminate/Container/Container.php(651): Illuminate\\Container\\BoundMethod::call()
#14 /media/rizky/B/file lama/kampus/SMT6/Rekayasa Web/praktikum/laravel-CreateRead/vendor/laravel/framework/src/Illuminate/Console/Command.php(136): Illuminate\\Container\\Container->call()
#15 /media/rizky/B/file lama/kampus/SMT6/Rekayasa Web/praktikum/laravel-CreateRead/vendor/symfony/console/Command/Command.php(308): Illuminate\\Console\\Command->execute()
#16 /media/rizky/B/file lama/kampus/SMT6/Rekayasa Web/praktikum/laravel-CreateRead/vendor/laravel/framework/src/Illuminate/Console/Command.php(121): Symfony\\Component\\Console\\Command\\Command->run()
#17 /media/rizky/B/file lama/kampus/SMT6/Rekayasa Web/praktikum/laravel-CreateRead/vendor/symfony/console/Application.php(998): Illuminate\\Console\\Command->run()
#18 /media/rizky/B/file lama/kampus/SMT6/Rekayasa Web/praktikum/laravel-CreateRead/vendor/symfony/console/Application.php(299): Symfony\\Component\\Console\\Application->doRunCommand()
#19 /media/rizky/B/file lama/kampus/SMT6/Rekayasa Web/praktikum/laravel-CreateRead/vendor/symfony/console/Application.php(171): Symfony\\Component\\Console\\Application->doRun()
#20 /media/rizky/B/file lama/kampus/SMT6/Rekayasa Web/praktikum/laravel-CreateRead/vendor/laravel/framework/src/Illuminate/Console/Application.php(102): Symfony\\Component\\Console\\Application->run()
#21 /media/rizky/B/file lama/kampus/SMT6/Rekayasa Web/praktikum/laravel-CreateRead/vendor/laravel/framework/src/Illuminate/Foundation/Console/Kernel.php(129): Illuminate\\Console\\Application->run()
#22 /media/rizky/B/file lama/kampus/SMT6/Rekayasa Web/praktikum/laravel-CreateRead/artisan(37): Illuminate\\Foundation\\Console\\Kernel->handle()
#23 {main}

[previous exception] [object] (PDOException(code: 1698): SQLSTATE[HY000] [1698] Access denied for user 'root'@'localhost' at /media/rizky/B/file lama/kampus/SMT6/Rekayasa Web/praktikum/laravel-CreateRead/vendor/laravel/framework/src/Illuminate/Database/Connectors/Connector.php:70)
[stacktrace]
#0 /media/rizky/B/file lama/kampus/SMT6/Rekayasa Web/praktikum/laravel-CreateRead/vendor/laravel/framework/src/Illuminate/Database/Connectors/Connector.php(70): PDO->__construct()
#1 /media/rizky/B/file lama/kampus/SMT6/Rekayasa Web/praktikum/laravel-CreateRead/vendor/laravel/framework/src/Illuminate/Database/Connectors/Connector.php(46): Illuminate\\Database\\Connectors\\Connector->createPdoConnection()
#2 /media/rizky/B/file lama/kampus/SMT6/Rekayasa Web/praktikum/laravel-CreateRead/vendor/laravel/framework/src/Illuminate/Database/Connectors/MySqlConnector.php(24): Illuminate\\Database\\Connectors\\Connector->createConnection()
#3 /media/rizky/B/file lama/kampus/SMT6/Rekayasa Web/praktikum/laravel-CreateRead/vendor/laravel/framework/src/Illuminate/Database/Connectors/ConnectionFactory.php(184): Illuminate\\Database\\Connectors\\MySqlConnector->connect()
#4 [internal function]: Illuminate\\Database\\Connectors\\ConnectionFactory->Illuminate\\Database\\Connectors\\{closure}()
#5 /media/rizky/B/file lama/kampus/SMT6/Rekayasa Web/praktikum/laravel-CreateRead/vendor/laravel/framework/src/Illuminate/Database/Connection.php(1084): call_user_func()
#6 /media/rizky/B/file lama/kampus/SMT6/Rekayasa Web/praktikum/laravel-CreateRead/vendor/laravel/framework/src/Illuminate/Database/Connection.php(1120): Illuminate\\Database\\Connection->getPdo()
#7 /media/rizky/B/file lama/kampus/SMT6/Rekayasa Web/praktikum/laravel-CreateRead/vendor/laravel/framework/src/Illuminate/Database/Connection.php(468): Illuminate\\Database\\Connection->getReadPdo()
#8 /media/rizky/B/file lama/kampus/SMT6/Rekayasa Web/praktikum/laravel-CreateRead/vendor/laravel/framework/src/Illuminate/Database/Connection.php(396): Illuminate\\Database\\Connection->getPdoForSelect()
#9 /media/rizky/B/file lama/kampus/SMT6/Rekayasa Web/praktikum/laravel-CreateRead/vendor/laravel/framework/src/Illuminate/Database/Connection.php(735): Illuminate\\Database\\Connection->Illuminate\\Database\\{closure}()
#10 /media/rizky/B/file lama/kampus/SMT6/Rekayasa Web/praktikum/laravel-CreateRead/vendor/laravel/framework/src/Illuminate/Database/Connection.php(702): Illuminate\\Database\\Connection->runQueryCallback()
#11 /media/rizky/B/file lama/kampus/SMT6/Rekayasa Web/praktikum/laravel-CreateRead/vendor/laravel/framework/src/Illuminate/Database/Connection.php(404): Illuminate\\Database\\Connection->run()
#12 /media/rizky/B/file lama/kampus/SMT6/Rekayasa Web/praktikum/laravel-CreateRead/vendor/laravel/framework/src/Illuminate/Database/Schema/MySqlBuilder.php(44): Illuminate\\Database\\Connection->select()
#13 /media/rizky/B/file lama/kampus/SMT6/Rekayasa Web/praktikum/laravel-CreateRead/vendor/laravel/framework/src/Illuminate/Database/Migrations/DatabaseMigrationRepository.php(169): Illuminate\\Database\\Schema\\MySqlBuilder->hasTable()
#14 /media/rizky/B/file lama/kampus/SMT6/Rekayasa Web/praktikum/laravel-CreateRead/vendor/laravel/framework/src/Illuminate/Database/Migrations/Migrator.php(673): Illuminate\\Database\\Migrations\\DatabaseMigrationRepository->repositoryExists()
#15 /media/rizky/B/file lama/kampus/SMT6/Rekayasa Web/praktikum/laravel-CreateRead/vendor/laravel/framework/src/Illuminate/Database/Console/Migrations/MigrateCommand.php(110): Illuminate\\Database\\Migrations\\Migrator->repositoryExists()
#16 /media/rizky/B/file lama/kampus/SMT6/Rekayasa Web/praktikum/laravel-CreateRead/vendor/laravel/framework/src/Illuminate/Database/Console/Migrations/MigrateCommand.php(78): Illuminate\\Database\\Console\\Migrations\\MigrateCommand->prepareDatabase()
#17 /media/rizky/B/file lama/kampus/SMT6/Rekayasa Web/praktikum/laravel-CreateRead/vendor/laravel/framework/src/Illuminate/Database/Migrations/Migrator.php(606): Illuminate\\Database\\Console\\Migrations\\MigrateCommand->Illuminate\\Database\\Console\\Migrations\\{closure}()
#18 /media/rizky/B/file lama/kampus/SMT6/Rekayasa Web/praktikum/laravel-CreateRead/vendor/laravel/framework/src/Illuminate/Database/Console/Migrations/MigrateCommand.php(98): Illuminate\\Database\\Migrations\\Migrator->usingConnection()
#19 /media/rizky/B/file lama/kampus/SMT6/Rekayasa Web/praktikum/laravel-CreateRead/vendor/laravel/framework/src/Illuminate/Container/BoundMethod.php(36): Illuminate\\Database\\Console\\Migrations\\MigrateCommand->handle()
#20 /media/rizky/B/file lama/kampus/SMT6/Rekayasa Web/praktikum/laravel-CreateRead/vendor/laravel/framework/src/Illuminate/Container/Util.php(41): Illuminate\\Container\\BoundMethod::Illuminate\\Container\\{closure}()
#21 /media/rizky/B/file lama/kampus/SMT6/Rekayasa Web/praktikum/laravel-CreateRead/vendor/laravel/framework/src/Illuminate/Container/BoundMethod.php(93): Illuminate\\Container\\Util::unwrapIfClosure()
#22 /media/rizky/B/file lama/kampus/SMT6/Rekayasa Web/praktikum/laravel-CreateRead/vendor/laravel/framework/src/Illuminate/Container/BoundMethod.php(37): Illuminate\\Container\\BoundMethod::callBoundMethod()
#23 /media/rizky/B/file lama/kampus/SMT6/Rekayasa Web/praktikum/laravel-CreateRead/vendor/laravel/framework/src/Illuminate/Container/Container.php(651): Illuminate\\Container\\BoundMethod::call()
#24 /media/rizky/B/file lama/kampus/SMT6/Rekayasa Web/praktikum/laravel-CreateRead/vendor/laravel/framework/src/Illuminate/Console/Command.php(136): Illuminate\\Container\\Container->call()
#25 /media/rizky/B/file lama/kampus/SMT6/Rekayasa Web/praktikum/laravel-CreateRead/vendor/symfony/console/Command/Command.php(308): Illuminate\\Console\\Command->execute()
#26 /media/rizky/B/file lama/kampus/SMT6/Rekayasa Web/praktikum/laravel-CreateRead/vendor/laravel/framework/src/Illuminate/Console/Command.php(121): Symfony\\Component\\Console\\Command\\Command->run()
#27 /media/rizky/B/file lama/kampus/SMT6/Rekayasa Web/praktikum/laravel-CreateRead/vendor/symfony/console/Application.php(998): Illuminate\\Console\\Command->run()
#28 /media/rizky/B/file lama/kampus/SMT6/Rekayasa Web/praktikum/laravel-CreateRead/vendor/symfony/console/Application.php(299): Symfony\\Component\\Console\\Application->doRunCommand()
#29 /media/rizky/B/file lama/kampus/SMT6/Rekayasa Web/praktikum/laravel-CreateRead/vendor/symfony/console/Application.php(171): Symfony\\Component\\Console\\Application->doRun()
#30 /media/rizky/B/file lama/kampus/SMT6/Rekayasa Web/praktikum/laravel-CreateRead/vendor/laravel/framework/src/Illuminate/Console/Application.php(102): Symfony\\Component\\Console\\Application->run()
#31 /media/rizky/B/file lama/kampus/SMT6/Rekayasa Web/praktikum/laravel-CreateRead/vendor/laravel/framework/src/Illuminate/Foundation/Console/Kernel.php(129): Illuminate\\Console\\Application->run()
#32 /media/rizky/B/file lama/kampus/SMT6/Rekayasa Web/praktikum/laravel-CreateRead/artisan(37): Illuminate\\Foundation\\Console\\Kernel->handle()
#33 {main}
"} 
[2022-06-01 04:51:21] local.ERROR: SQLSTATE[HY000] [1698] Access denied for user 'root'@'localhost' (SQL: select * from information_schema.tables where table_schema = laravelcr and table_name = migrations and table_type = 'BASE TABLE') {"exception":"[object] (Illuminate\\Database\\QueryException(code: 1698): SQLSTATE[HY000] [1698] Access denied for user 'root'@'localhost' (SQL: select * from information_schema.tables where table_schema = laravelcr and table_name = migrations and table_type = 'BASE TABLE') at /media/rizky/B/file lama/kampus/SMT6/Rekayasa Web/praktikum/laravel-CreateRead/vendor/laravel/framework/src/Illuminate/Database/Connection.php:742)
[stacktrace]
#0 /media/rizky/B/file lama/kampus/SMT6/Rekayasa Web/praktikum/laravel-CreateRead/vendor/laravel/framework/src/Illuminate/Database/Connection.php(702): Illuminate\\Database\\Connection->runQueryCallback()
#1 /media/rizky/B/file lama/kampus/SMT6/Rekayasa Web/praktikum/laravel-CreateRead/vendor/laravel/framework/src/Illuminate/Database/Connection.php(404): Illuminate\\Database\\Connection->run()
#2 /media/rizky/B/file lama/kampus/SMT6/Rekayasa Web/praktikum/laravel-CreateRead/vendor/laravel/framework/src/Illuminate/Database/Schema/MySqlBuilder.php(44): Illuminate\\Database\\Connection->select()
#3 /media/rizky/B/file lama/kampus/SMT6/Rekayasa Web/praktikum/laravel-CreateRead/vendor/laravel/framework/src/Illuminate/Database/Migrations/DatabaseMigrationRepository.php(169): Illuminate\\Database\\Schema\\MySqlBuilder->hasTable()
#4 /media/rizky/B/file lama/kampus/SMT6/Rekayasa Web/praktikum/laravel-CreateRead/vendor/laravel/framework/src/Illuminate/Database/Migrations/Migrator.php(673): Illuminate\\Database\\Migrations\\DatabaseMigrationRepository->repositoryExists()
#5 /media/rizky/B/file lama/kampus/SMT6/Rekayasa Web/praktikum/laravel-CreateRead/vendor/laravel/framework/src/Illuminate/Database/Console/Migrations/MigrateCommand.php(110): Illuminate\\Database\\Migrations\\Migrator->repositoryExists()
#6 /media/rizky/B/file lama/kampus/SMT6/Rekayasa Web/praktikum/laravel-CreateRead/vendor/laravel/framework/src/Illuminate/Database/Console/Migrations/MigrateCommand.php(78): Illuminate\\Database\\Console\\Migrations\\MigrateCommand->prepareDatabase()
#7 /media/rizky/B/file lama/kampus/SMT6/Rekayasa Web/praktikum/laravel-CreateRead/vendor/laravel/framework/src/Illuminate/Database/Migrations/Migrator.php(606): Illuminate\\Database\\Console\\Migrations\\MigrateCommand->Illuminate\\Database\\Console\\Migrations\\{closure}()
#8 /media/rizky/B/file lama/kampus/SMT6/Rekayasa Web/praktikum/laravel-CreateRead/vendor/laravel/framework/src/Illuminate/Database/Console/Migrations/MigrateCommand.php(98): Illuminate\\Database\\Migrations\\Migrator->usingConnection()
#9 /media/rizky/B/file lama/kampus/SMT6/Rekayasa Web/praktikum/laravel-CreateRead/vendor/laravel/framework/src/Illuminate/Container/BoundMethod.php(36): Illuminate\\Database\\Console\\Migrations\\MigrateCommand->handle()
#10 /media/rizky/B/file lama/kampus/SMT6/Rekayasa Web/praktikum/laravel-CreateRead/vendor/laravel/framework/src/Illuminate/Container/Util.php(41): Illuminate\\Container\\BoundMethod::Illuminate\\Container\\{closure}()
#11 /media/rizky/B/file lama/kampus/SMT6/Rekayasa Web/praktikum/laravel-CreateRead/vendor/laravel/framework/src/Illuminate/Container/BoundMethod.php(93): Illuminate\\Container\\Util::unwrapIfClosure()
#12 /media/rizky/B/file lama/kampus/SMT6/Rekayasa Web/praktikum/laravel-CreateRead/vendor/laravel/framework/src/Illuminate/Container/BoundMethod.php(37): Illuminate\\Container\\BoundMethod::callBoundMethod()
#13 /media/rizky/B/file lama/kampus/SMT6/Rekayasa Web/praktikum/laravel-CreateRead/vendor/laravel/framework/src/Illuminate/Container/Container.php(651): Illuminate\\Container\\BoundMethod::call()
#14 /media/rizky/B/file lama/kampus/SMT6/Rekayasa Web/praktikum/laravel-CreateRead/vendor/laravel/framework/src/Illuminate/Console/Command.php(136): Illuminate\\Container\\Container->call()
#15 /media/rizky/B/file lama/kampus/SMT6/Rekayasa Web/praktikum/laravel-CreateRead/vendor/symfony/console/Command/Command.php(308): Illuminate\\Console\\Command->execute()
#16 /media/rizky/B/file lama/kampus/SMT6/Rekayasa Web/praktikum/laravel-CreateRead/vendor/laravel/framework/src/Illuminate/Console/Command.php(121): Symfony\\Component\\Console\\Command\\Command->run()
#17 /media/rizky/B/file lama/kampus/SMT6/Rekayasa Web/praktikum/laravel-CreateRead/vendor/symfony/console/Application.php(998): Illuminate\\Console\\Command->run()
#18 /media/rizky/B/file lama/kampus/SMT6/Rekayasa Web/praktikum/laravel-CreateRead/vendor/symfony/console/Application.php(299): Symfony\\Component\\Console\\Application->doRunCommand()
#19 /media/rizky/B/file lama/kampus/SMT6/Rekayasa Web/praktikum/laravel-CreateRead/vendor/symfony/console/Application.php(171): Symfony\\Component\\Console\\Application->doRun()
#20 /media/rizky/B/file lama/kampus/SMT6/Rekayasa Web/praktikum/laravel-CreateRead/vendor/laravel/framework/src/Illuminate/Console/Application.php(102): Symfony\\Component\\Console\\Application->run()
#21 /media/rizky/B/file lama/kampus/SMT6/Rekayasa Web/praktikum/laravel-CreateRead/vendor/laravel/framework/src/Illuminate/Foundation/Console/Kernel.php(129): Illuminate\\Console\\Application->run()
#22 /media/rizky/B/file lama/kampus/SMT6/Rekayasa Web/praktikum/laravel-CreateRead/artisan(37): Illuminate\\Foundation\\Console\\Kernel->handle()
#23 {main}

[previous exception] [object] (PDOException(code: 1698): SQLSTATE[HY000] [1698] Access denied for user 'root'@'localhost' at /media/rizky/B/file lama/kampus/SMT6/Rekayasa Web/praktikum/laravel-CreateRead/vendor/laravel/framework/src/Illuminate/Database/Connectors/Connector.php:70)
[stacktrace]
#0 /media/rizky/B/file lama/kampus/SMT6/Rekayasa Web/praktikum/laravel-CreateRead/vendor/laravel/framework/src/Illuminate/Database/Connectors/Connector.php(70): PDO->__construct()
#1 /media/rizky/B/file lama/kampus/SMT6/Rekayasa Web/praktikum/laravel-CreateRead/vendor/laravel/framework/src/Illuminate/Database/Connectors/Connector.php(46): Illuminate\\Database\\Connectors\\Connector->createPdoConnection()
#2 /media/rizky/B/file lama/kampus/SMT6/Rekayasa Web/praktikum/laravel-CreateRead/vendor/laravel/framework/src/Illuminate/Database/Connectors/MySqlConnector.php(24): Illuminate\\Database\\Connectors\\Connector->createConnection()
#3 /media/rizky/B/file lama/kampus/SMT6/Rekayasa Web/praktikum/laravel-CreateRead/vendor/laravel/framework/src/Illuminate/Database/Connectors/ConnectionFactory.php(184): Illuminate\\Database\\Connectors\\MySqlConnector->connect()
#4 [internal function]: Illuminate\\Database\\Connectors\\ConnectionFactory->Illuminate\\Database\\Connectors\\{closure}()
#5 /media/rizky/B/file lama/kampus/SMT6/Rekayasa Web/praktikum/laravel-CreateRead/vendor/laravel/framework/src/Illuminate/Database/Connection.php(1084): call_user_func()
#6 /media/rizky/B/file lama/kampus/SMT6/Rekayasa Web/praktikum/laravel-CreateRead/vendor/laravel/framework/src/Illuminate/Database/Connection.php(1120): Illuminate\\Database\\Connection->getPdo()
#7 /media/rizky/B/file lama/kampus/SMT6/Rekayasa Web/praktikum/laravel-CreateRead/vendor/laravel/framework/src/Illuminate/Database/Connection.php(468): Illuminate\\Database\\Connection->getReadPdo()
#8 /media/rizky/B/file lama/kampus/SMT6/Rekayasa Web/praktikum/laravel-CreateRead/vendor/laravel/framework/src/Illuminate/Database/Connection.php(396): Illuminate\\Database\\Connection->getPdoForSelect()
#9 /media/rizky/B/file lama/kampus/SMT6/Rekayasa Web/praktikum/laravel-CreateRead/vendor/laravel/framework/src/Illuminate/Database/Connection.php(735): Illuminate\\Database\\Connection->Illuminate\\Database\\{closure}()
#10 /media/rizky/B/file lama/kampus/SMT6/Rekayasa Web/praktikum/laravel-CreateRead/vendor/laravel/framework/src/Illuminate/Database/Connection.php(702): Illuminate\\Database\\Connection->runQueryCallback()
#11 /media/rizky/B/file lama/kampus/SMT6/Rekayasa Web/praktikum/laravel-CreateRead/vendor/laravel/framework/src/Illuminate/Database/Connection.php(404): Illuminate\\Database\\Connection->run()
#12 /media/rizky/B/file lama/kampus/SMT6/Rekayasa Web/praktikum/laravel-CreateRead/vendor/laravel/framework/src/Illuminate/Database/Schema/MySqlBuilder.php(44): Illuminate\\Database\\Connection->select()
#13 /media/rizky/B/file lama/kampus/SMT6/Rekayasa Web/praktikum/laravel-CreateRead/vendor/laravel/framework/src/Illuminate/Database/Migrations/DatabaseMigrationRepository.php(169): Illuminate\\Database\\Schema\\MySqlBuilder->hasTable()
#14 /media/rizky/B/file lama/kampus/SMT6/Rekayasa Web/praktikum/laravel-CreateRead/vendor/laravel/framework/src/Illuminate/Database/Migrations/Migrator.php(673): Illuminate\\Database\\Migrations\\DatabaseMigrationRepository->repositoryExists()
#15 /media/rizky/B/file lama/kampus/SMT6/Rekayasa Web/praktikum/laravel-CreateRead/vendor/laravel/framework/src/Illuminate/Database/Console/Migrations/MigrateCommand.php(110): Illuminate\\Database\\Migrations\\Migrator->repositoryExists()
#16 /media/rizky/B/file lama/kampus/SMT6/Rekayasa Web/praktikum/laravel-CreateRead/vendor/laravel/framework/src/Illuminate/Database/Console/Migrations/MigrateCommand.php(78): Illuminate\\Database\\Console\\Migrations\\MigrateCommand->prepareDatabase()
#17 /media/rizky/B/file lama/kampus/SMT6/Rekayasa Web/praktikum/laravel-CreateRead/vendor/laravel/framework/src/Illuminate/Database/Migrations/Migrator.php(606): Illuminate\\Database\\Console\\Migrations\\MigrateCommand->Illuminate\\Database\\Console\\Migrations\\{closure}()
#18 /media/rizky/B/file lama/kampus/SMT6/Rekayasa Web/praktikum/laravel-CreateRead/vendor/laravel/framework/src/Illuminate/Database/Console/Migrations/MigrateCommand.php(98): Illuminate\\Database\\Migrations\\Migrator->usingConnection()
#19 /media/rizky/B/file lama/kampus/SMT6/Rekayasa Web/praktikum/laravel-CreateRead/vendor/laravel/framework/src/Illuminate/Container/BoundMethod.php(36): Illuminate\\Database\\Console\\Migrations\\MigrateCommand->handle()
#20 /media/rizky/B/file lama/kampus/SMT6/Rekayasa Web/praktikum/laravel-CreateRead/vendor/laravel/framework/src/Illuminate/Container/Util.php(41): Illuminate\\Container\\BoundMethod::Illuminate\\Container\\{closure}()
#21 /media/rizky/B/file lama/kampus/SMT6/Rekayasa Web/praktikum/laravel-CreateRead/vendor/laravel/framework/src/Illuminate/Container/BoundMethod.php(93): Illuminate\\Container\\Util::unwrapIfClosure()
#22 /media/rizky/B/file lama/kampus/SMT6/Rekayasa Web/praktikum/laravel-CreateRead/vendor/laravel/framework/src/Illuminate/Container/BoundMethod.php(37): Illuminate\\Container\\BoundMethod::callBoundMethod()
#23 /media/rizky/B/file lama/kampus/SMT6/Rekayasa Web/praktikum/laravel-CreateRead/vendor/laravel/framework/src/Illuminate/Container/Container.php(651): Illuminate\\Container\\BoundMethod::call()
#24 /media/rizky/B/file lama/kampus/SMT6/Rekayasa Web/praktikum/laravel-CreateRead/vendor/laravel/framework/src/Illuminate/Console/Command.php(136): Illuminate\\Container\\Container->call()
#25 /media/rizky/B/file lama/kampus/SMT6/Rekayasa Web/praktikum/laravel-CreateRead/vendor/symfony/console/Command/Command.php(308): Illuminate\\Console\\Command->execute()
#26 /media/rizky/B/file lama/kampus/SMT6/Rekayasa Web/praktikum/laravel-CreateRead/vendor/laravel/framework/src/Illuminate/Console/Command.php(121): Symfony\\Component\\Console\\Command\\Command->run()
#27 /media/rizky/B/file lama/kampus/SMT6/Rekayasa Web/praktikum/laravel-CreateRead/vendor/symfony/console/Application.php(998): Illuminate\\Console\\Command->run()
#28 /media/rizky/B/file lama/kampus/SMT6/Rekayasa Web/praktikum/laravel-CreateRead/vendor/symfony/console/Application.php(299): Symfony\\Component\\Console\\Application->doRunCommand()
#29 /media/rizky/B/file lama/kampus/SMT6/Rekayasa Web/praktikum/laravel-CreateRead/vendor/symfony/console/Application.php(171): Symfony\\Component\\Console\\Application->doRun()
#30 /media/rizky/B/file lama/kampus/SMT6/Rekayasa Web/praktikum/laravel-CreateRead/vendor/laravel/framework/src/Illuminate/Console/Application.php(102): Symfony\\Component\\Console\\Application->run()
#31 /media/rizky/B/file lama/kampus/SMT6/Rekayasa Web/praktikum/laravel-CreateRead/vendor/laravel/framework/src/Illuminate/Foundation/Console/Kernel.php(129): Illuminate\\Console\\Application->run()
#32 /media/rizky/B/file lama/kampus/SMT6/Rekayasa Web/praktikum/laravel-CreateRead/artisan(37): Illuminate\\Foundation\\Console\\Kernel->handle()
#33 {main}
"} 
[2022-06-01 04:53:05] local.ERROR: SQLSTATE[HY000] [1698] Access denied for user 'root'@'localhost' (SQL: select * from information_schema.tables where table_schema = laravelcr and table_name = migrations and table_type = 'BASE TABLE') {"exception":"[object] (Illuminate\\Database\\QueryException(code: 1698): SQLSTATE[HY000] [1698] Access denied for user 'root'@'localhost' (SQL: select * from information_schema.tables where table_schema = laravelcr and table_name = migrations and table_type = 'BASE TABLE') at /media/rizky/B/file lama/kampus/SMT6/Rekayasa Web/praktikum/laravel-CreateRead/vendor/laravel/framework/src/Illuminate/Database/Connection.php:742)
[stacktrace]
#0 /media/rizky/B/file lama/kampus/SMT6/Rekayasa Web/praktikum/laravel-CreateRead/vendor/laravel/framework/src/Illuminate/Database/Connection.php(702): Illuminate\\Database\\Connection->runQueryCallback()
#1 /media/rizky/B/file lama/kampus/SMT6/Rekayasa Web/praktikum/laravel-CreateRead/vendor/laravel/framework/src/Illuminate/Database/Connection.php(404): Illuminate\\Database\\Connection->run()
#2 /media/rizky/B/file lama/kampus/SMT6/Rekayasa Web/praktikum/laravel-CreateRead/vendor/laravel/framework/src/Illuminate/Database/Schema/MySqlBuilder.php(44): Illuminate\\Database\\Connection->select()
#3 /media/rizky/B/file lama/kampus/SMT6/Rekayasa Web/praktikum/laravel-CreateRead/vendor/laravel/framework/src/Illuminate/Database/Migrations/DatabaseMigrationRepository.php(169): Illuminate\\Database\\Schema\\MySqlBuilder->hasTable()
#4 /media/rizky/B/file lama/kampus/SMT6/Rekayasa Web/praktikum/laravel-CreateRead/vendor/laravel/framework/src/Illuminate/Database/Migrations/Migrator.php(673): Illuminate\\Database\\Migrations\\DatabaseMigrationRepository->repositoryExists()
#5 /media/rizky/B/file lama/kampus/SMT6/Rekayasa Web/praktikum/laravel-CreateRead/vendor/laravel/framework/src/Illuminate/Database/Console/Migrations/MigrateCommand.php(110): Illuminate\\Database\\Migrations\\Migrator->repositoryExists()
#6 /media/rizky/B/file lama/kampus/SMT6/Rekayasa Web/praktikum/laravel-CreateRead/vendor/laravel/framework/src/Illuminate/Database/Console/Migrations/MigrateCommand.php(78): Illuminate\\Database\\Console\\Migrations\\MigrateCommand->prepareDatabase()
#7 /media/rizky/B/file lama/kampus/SMT6/Rekayasa Web/praktikum/laravel-CreateRead/vendor/laravel/framework/src/Illuminate/Database/Migrations/Migrator.php(606): Illuminate\\Database\\Console\\Migrations\\MigrateCommand->Illuminate\\Database\\Console\\Migrations\\{closure}()
#8 /media/rizky/B/file lama/kampus/SMT6/Rekayasa Web/praktikum/laravel-CreateRead/vendor/laravel/framework/src/Illuminate/Database/Console/Migrations/MigrateCommand.php(98): Illuminate\\Database\\Migrations\\Migrator->usingConnection()
#9 /media/rizky/B/file lama/kampus/SMT6/Rekayasa Web/praktikum/laravel-CreateRead/vendor/laravel/framework/src/Illuminate/Container/BoundMethod.php(36): Illuminate\\Database\\Console\\Migrations\\MigrateCommand->handle()
#10 /media/rizky/B/file lama/kampus/SMT6/Rekayasa Web/praktikum/laravel-CreateRead/vendor/laravel/framework/src/Illuminate/Container/Util.php(41): Illuminate\\Container\\BoundMethod::Illuminate\\Container\\{closure}()
#11 /media/rizky/B/file lama/kampus/SMT6/Rekayasa Web/praktikum/laravel-CreateRead/vendor/laravel/framework/src/Illuminate/Container/BoundMethod.php(93): Illuminate\\Container\\Util::unwrapIfClosure()
#12 /media/rizky/B/file lama/kampus/SMT6/Rekayasa Web/praktikum/laravel-CreateRead/vendor/laravel/framework/src/Illuminate/Container/BoundMethod.php(37): Illuminate\\Container\\BoundMethod::callBoundMethod()
#13 /media/rizky/B/file lama/kampus/SMT6/Rekayasa Web/praktikum/laravel-CreateRead/vendor/laravel/framework/src/Illuminate/Container/Container.php(651): Illuminate\\Container\\BoundMethod::call()
#14 /media/rizky/B/file lama/kampus/SMT6/Rekayasa Web/praktikum/laravel-CreateRead/vendor/laravel/framework/src/Illuminate/Console/Command.php(136): Illuminate\\Container\\Container->call()
#15 /media/rizky/B/file lama/kampus/SMT6/Rekayasa Web/praktikum/laravel-CreateRead/vendor/symfony/console/Command/Command.php(308): Illuminate\\Console\\Command->execute()
#16 /media/rizky/B/file lama/kampus/SMT6/Rekayasa Web/praktikum/laravel-CreateRead/vendor/laravel/framework/src/Illuminate/Console/Command.php(121): Symfony\\Component\\Console\\Command\\Command->run()
#17 /media/rizky/B/file lama/kampus/SMT6/Rekayasa Web/praktikum/laravel-CreateRead/vendor/symfony/console/Application.php(998): Illuminate\\Console\\Command->run()
#18 /media/rizky/B/file lama/kampus/SMT6/Rekayasa Web/praktikum/laravel-CreateRead/vendor/symfony/console/Application.php(299): Symfony\\Component\\Console\\Application->doRunCommand()
#19 /media/rizky/B/file lama/kampus/SMT6/Rekayasa Web/praktikum/laravel-CreateRead/vendor/symfony/console/Application.php(171): Symfony\\Component\\Console\\Application->doRun()
#20 /media/rizky/B/file lama/kampus/SMT6/Rekayasa Web/praktikum/laravel-CreateRead/vendor/laravel/framework/src/Illuminate/Console/Application.php(102): Symfony\\Component\\Console\\Application->run()
#21 /media/rizky/B/file lama/kampus/SMT6/Rekayasa Web/praktikum/laravel-CreateRead/vendor/laravel/framework/src/Illuminate/Foundation/Console/Kernel.php(129): Illuminate\\Console\\Application->run()
#22 /media/rizky/B/file lama/kampus/SMT6/Rekayasa Web/praktikum/laravel-CreateRead/artisan(37): Illuminate\\Foundation\\Console\\Kernel->handle()
#23 {main}

[previous exception] [object] (PDOException(code: 1698): SQLSTATE[HY000] [1698] Access denied for user 'root'@'localhost' at /media/rizky/B/file lama/kampus/SMT6/Rekayasa Web/praktikum/laravel-CreateRead/vendor/laravel/framework/src/Illuminate/Database/Connectors/Connector.php:70)
[stacktrace]
#0 /media/rizky/B/file lama/kampus/SMT6/Rekayasa Web/praktikum/laravel-CreateRead/vendor/laravel/framework/src/Illuminate/Database/Connectors/Connector.php(70): PDO->__construct()
#1 /media/rizky/B/file lama/kampus/SMT6/Rekayasa Web/praktikum/laravel-CreateRead/vendor/laravel/framework/src/Illuminate/Database/Connectors/Connector.php(46): Illuminate\\Database\\Connectors\\Connector->createPdoConnection()
#2 /media/rizky/B/file lama/kampus/SMT6/Rekayasa Web/praktikum/laravel-CreateRead/vendor/laravel/framework/src/Illuminate/Database/Connectors/MySqlConnector.php(24): Illuminate\\Database\\Connectors\\Connector->createConnection()
#3 /media/rizky/B/file lama/kampus/SMT6/Rekayasa Web/praktikum/laravel-CreateRead/vendor/laravel/framework/src/Illuminate/Database/Connectors/ConnectionFactory.php(184): Illuminate\\Database\\Connectors\\MySqlConnector->connect()
#4 [internal function]: Illuminate\\Database\\Connectors\\ConnectionFactory->Illuminate\\Database\\Connectors\\{closure}()
#5 /media/rizky/B/file lama/kampus/SMT6/Rekayasa Web/praktikum/laravel-CreateRead/vendor/laravel/framework/src/Illuminate/Database/Connection.php(1084): call_user_func()
#6 /media/rizky/B/file lama/kampus/SMT6/Rekayasa Web/praktikum/laravel-CreateRead/vendor/laravel/framework/src/Illuminate/Database/Connection.php(1120): Illuminate\\Database\\Connection->getPdo()
#7 /media/rizky/B/file lama/kampus/SMT6/Rekayasa Web/praktikum/laravel-CreateRead/vendor/laravel/framework/src/Illuminate/Database/Connection.php(468): Illuminate\\Database\\Connection->getReadPdo()
#8 /media/rizky/B/file lama/kampus/SMT6/Rekayasa Web/praktikum/laravel-CreateRead/vendor/laravel/framework/src/Illuminate/Database/Connection.php(396): Illuminate\\Database\\Connection->getPdoForSelect()
#9 /media/rizky/B/file lama/kampus/SMT6/Rekayasa Web/praktikum/laravel-CreateRead/vendor/laravel/framework/src/Illuminate/Database/Connection.php(735): Illuminate\\Database\\Connection->Illuminate\\Database\\{closure}()
#10 /media/rizky/B/file lama/kampus/SMT6/Rekayasa Web/praktikum/laravel-CreateRead/vendor/laravel/framework/src/Illuminate/Database/Connection.php(702): Illuminate\\Database\\Connection->runQueryCallback()
#11 /media/rizky/B/file lama/kampus/SMT6/Rekayasa Web/praktikum/laravel-CreateRead/vendor/laravel/framework/src/Illuminate/Database/Connection.php(404): Illuminate\\Database\\Connection->run()
#12 /media/rizky/B/file lama/kampus/SMT6/Rekayasa Web/praktikum/laravel-CreateRead/vendor/laravel/framework/src/Illuminate/Database/Schema/MySqlBuilder.php(44): Illuminate\\Database\\Connection->select()
#13 /media/rizky/B/file lama/kampus/SMT6/Rekayasa Web/praktikum/laravel-CreateRead/vendor/laravel/framework/src/Illuminate/Database/Migrations/DatabaseMigrationRepository.php(169): Illuminate\\Database\\Schema\\MySqlBuilder->hasTable()
#14 /media/rizky/B/file lama/kampus/SMT6/Rekayasa Web/praktikum/laravel-CreateRead/vendor/laravel/framework/src/Illuminate/Database/Migrations/Migrator.php(673): Illuminate\\Database\\Migrations\\DatabaseMigrationRepository->repositoryExists()
#15 /media/rizky/B/file lama/kampus/SMT6/Rekayasa Web/praktikum/laravel-CreateRead/vendor/laravel/framework/src/Illuminate/Database/Console/Migrations/MigrateCommand.php(110): Illuminate\\Database\\Migrations\\Migrator->repositoryExists()
#16 /media/rizky/B/file lama/kampus/SMT6/Rekayasa Web/praktikum/laravel-CreateRead/vendor/laravel/framework/src/Illuminate/Database/Console/Migrations/MigrateCommand.php(78): Illuminate\\Database\\Console\\Migrations\\MigrateCommand->prepareDatabase()
#17 /media/rizky/B/file lama/kampus/SMT6/Rekayasa Web/praktikum/laravel-CreateRead/vendor/laravel/framework/src/Illuminate/Database/Migrations/Migrator.php(606): Illuminate\\Database\\Console\\Migrations\\MigrateCommand->Illuminate\\Database\\Console\\Migrations\\{closure}()
#18 /media/rizky/B/file lama/kampus/SMT6/Rekayasa Web/praktikum/laravel-CreateRead/vendor/laravel/framework/src/Illuminate/Database/Console/Migrations/MigrateCommand.php(98): Illuminate\\Database\\Migrations\\Migrator->usingConnection()
#19 /media/rizky/B/file lama/kampus/SMT6/Rekayasa Web/praktikum/laravel-CreateRead/vendor/laravel/framework/src/Illuminate/Container/BoundMethod.php(36): Illuminate\\Database\\Console\\Migrations\\MigrateCommand->handle()
#20 /media/rizky/B/file lama/kampus/SMT6/Rekayasa Web/praktikum/laravel-CreateRead/vendor/laravel/framework/src/Illuminate/Container/Util.php(41): Illuminate\\Container\\BoundMethod::Illuminate\\Container\\{closure}()
#21 /media/rizky/B/file lama/kampus/SMT6/Rekayasa Web/praktikum/laravel-CreateRead/vendor/laravel/framework/src/Illuminate/Container/BoundMethod.php(93): Illuminate\\Container\\Util::unwrapIfClosure()
#22 /media/rizky/B/file lama/kampus/SMT6/Rekayasa Web/praktikum/laravel-CreateRead/vendor/laravel/framework/src/Illuminate/Container/BoundMethod.php(37): Illuminate\\Container\\BoundMethod::callBoundMethod()
#23 /media/rizky/B/file lama/kampus/SMT6/Rekayasa Web/praktikum/laravel-CreateRead/vendor/laravel/framework/src/Illuminate/Container/Container.php(651): Illuminate\\Container\\BoundMethod::call()
#24 /media/rizky/B/file lama/kampus/SMT6/Rekayasa Web/praktikum/laravel-CreateRead/vendor/laravel/framework/src/Illuminate/Console/Command.php(136): Illuminate\\Container\\Container->call()
#25 /media/rizky/B/file lama/kampus/SMT6/Rekayasa Web/praktikum/laravel-CreateRead/vendor/symfony/console/Command/Command.php(308): Illuminate\\Console\\Command->execute()
#26 /media/rizky/B/file lama/kampus/SMT6/Rekayasa Web/praktikum/laravel-CreateRead/vendor/laravel/framework/src/Illuminate/Console/Command.php(121): Symfony\\Component\\Console\\Command\\Command->run()
#27 /media/rizky/B/file lama/kampus/SMT6/Rekayasa Web/praktikum/laravel-CreateRead/vendor/symfony/console/Application.php(998): Illuminate\\Console\\Command->run()
#28 /media/rizky/B/file lama/kampus/SMT6/Rekayasa Web/praktikum/laravel-CreateRead/vendor/symfony/console/Application.php(299): Symfony\\Component\\Console\\Application->doRunCommand()
#29 /media/rizky/B/file lama/kampus/SMT6/Rekayasa Web/praktikum/laravel-CreateRead/vendor/symfony/console/Application.php(171): Symfony\\Component\\Console\\Application->doRun()
#30 /media/rizky/B/file lama/kampus/SMT6/Rekayasa Web/praktikum/laravel-CreateRead/vendor/laravel/framework/src/Illuminate/Console/Application.php(102): Symfony\\Component\\Console\\Application->run()
#31 /media/rizky/B/file lama/kampus/SMT6/Rekayasa Web/praktikum/laravel-CreateRead/vendor/laravel/framework/src/Illuminate/Foundation/Console/Kernel.php(129): Illuminate\\Console\\Application->run()
#32 /media/rizky/B/file lama/kampus/SMT6/Rekayasa Web/praktikum/laravel-CreateRead/artisan(37): Illuminate\\Foundation\\Console\\Kernel->handle()
#33 {main}
"} 
[2022-06-01 05:02:12] laravel.EMERGENCY: Unable to create configured logger. Using emergency logger. {"exception":"[object] (InvalidArgumentException(code: 0): Log [deprecations] is not defined. at /media/rizky/B/file lama/kampus/SMT6/Rekayasa Web/praktikum/laravel-CreateRead/vendor/laravel/framework/src/Illuminate/Log/LogManager.php:207)
[stacktrace]
#0 /media/rizky/B/file lama/kampus/SMT6/Rekayasa Web/praktikum/laravel-CreateRead/vendor/laravel/framework/src/Illuminate/Log/LogManager.php(132): Illuminate\\Log\\LogManager->resolve()
#1 /media/rizky/B/file lama/kampus/SMT6/Rekayasa Web/praktikum/laravel-CreateRead/vendor/laravel/framework/src/Illuminate/Log/LogManager.php(119): Illuminate\\Log\\LogManager->get()
#2 /media/rizky/B/file lama/kampus/SMT6/Rekayasa Web/praktikum/laravel-CreateRead/vendor/laravel/framework/src/Illuminate/Log/LogManager.php(108): Illuminate\\Log\\LogManager->driver()
#3 /media/rizky/B/file lama/kampus/SMT6/Rekayasa Web/praktikum/laravel-CreateRead/vendor/laravel/framework/src/Illuminate/Foundation/Bootstrap/HandleExceptions.php(122): Illuminate\\Log\\LogManager->channel()
#4 /media/rizky/B/file lama/kampus/SMT6/Rekayasa Web/praktikum/laravel-CreateRead/vendor/laravel/framework/src/Illuminate/Foundation/Bootstrap/HandleExceptions.php(71): Illuminate\\Foundation\\Bootstrap\\HandleExceptions->handleDeprecationError()
#5 /media/rizky/B/file lama/kampus/SMT6/Rekayasa Web/praktikum/laravel-CreateRead/vendor/laravel/framework/src/Illuminate/Foundation/Bootstrap/HandleExceptions.php(255): Illuminate\\Foundation\\Bootstrap\\HandleExceptions->handleError()
#6 [internal function]: Illuminate\\Foundation\\Bootstrap\\HandleExceptions->Illuminate\\Foundation\\Bootstrap\\{closure}()
#7 /media/rizky/B/file lama/kampus/SMT6/Rekayasa Web/praktikum/laravel-CreateRead/vendor/laravel/framework/src/Illuminate/Foundation/Console/RouteListCommand.php(403): str_replace()
#8 [internal function]: Illuminate\\Foundation\\Console\\RouteListCommand->Illuminate\\Foundation\\Console\\{closure}()
#9 /media/rizky/B/file lama/kampus/SMT6/Rekayasa Web/praktikum/laravel-CreateRead/vendor/laravel/framework/src/Illuminate/Collections/Arr.php(558): array_map()
#10 /media/rizky/B/file lama/kampus/SMT6/Rekayasa Web/praktikum/laravel-CreateRead/vendor/laravel/framework/src/Illuminate/Collections/Collection.php(723): Illuminate\\Support\\Arr::map()
#11 /media/rizky/B/file lama/kampus/SMT6/Rekayasa Web/praktikum/laravel-CreateRead/vendor/laravel/framework/src/Illuminate/Foundation/Console/RouteListCommand.php(405): Illuminate\\Support\\Collection->map()
#12 /media/rizky/B/file lama/kampus/SMT6/Rekayasa Web/praktikum/laravel-CreateRead/vendor/laravel/framework/src/Illuminate/Foundation/Console/RouteListCommand.php(198): Illuminate\\Foundation\\Console\\RouteListCommand->forCli()
#13 /media/rizky/B/file lama/kampus/SMT6/Rekayasa Web/praktikum/laravel-CreateRead/vendor/laravel/framework/src/Illuminate/Foundation/Console/RouteListCommand.php(114): Illuminate\\Foundation\\Console\\RouteListCommand->displayRoutes()
#14 /media/rizky/B/file lama/kampus/SMT6/Rekayasa Web/praktikum/laravel-CreateRead/vendor/laravel/framework/src/Illuminate/Container/BoundMethod.php(36): Illuminate\\Foundation\\Console\\RouteListCommand->handle()
#15 /media/rizky/B/file lama/kampus/SMT6/Rekayasa Web/praktikum/laravel-CreateRead/vendor/laravel/framework/src/Illuminate/Container/Util.php(41): Illuminate\\Container\\BoundMethod::Illuminate\\Container\\{closure}()
#16 /media/rizky/B/file lama/kampus/SMT6/Rekayasa Web/praktikum/laravel-CreateRead/vendor/laravel/framework/src/Illuminate/Container/BoundMethod.php(93): Illuminate\\Container\\Util::unwrapIfClosure()
#17 /media/rizky/B/file lama/kampus/SMT6/Rekayasa Web/praktikum/laravel-CreateRead/vendor/laravel/framework/src/Illuminate/Container/BoundMethod.php(37): Illuminate\\Container\\BoundMethod::callBoundMethod()
#18 /media/rizky/B/file lama/kampus/SMT6/Rekayasa Web/praktikum/laravel-CreateRead/vendor/laravel/framework/src/Illuminate/Container/Container.php(651): Illuminate\\Container\\BoundMethod::call()
#19 /media/rizky/B/file lama/kampus/SMT6/Rekayasa Web/praktikum/laravel-CreateRead/vendor/laravel/framework/src/Illuminate/Console/Command.php(136): Illuminate\\Container\\Container->call()
#20 /media/rizky/B/file lama/kampus/SMT6/Rekayasa Web/praktikum/laravel-CreateRead/vendor/symfony/console/Command/Command.php(308): Illuminate\\Console\\Command->execute()
#21 /media/rizky/B/file lama/kampus/SMT6/Rekayasa Web/praktikum/laravel-CreateRead/vendor/laravel/framework/src/Illuminate/Console/Command.php(121): Symfony\\Component\\Console\\Command\\Command->run()
#22 /media/rizky/B/file lama/kampus/SMT6/Rekayasa Web/praktikum/laravel-CreateRead/vendor/symfony/console/Application.php(998): Illuminate\\Console\\Command->run()
#23 /media/rizky/B/file lama/kampus/SMT6/Rekayasa Web/praktikum/laravel-CreateRead/vendor/symfony/console/Application.php(299): Symfony\\Component\\Console\\Application->doRunCommand()
#24 /media/rizky/B/file lama/kampus/SMT6/Rekayasa Web/praktikum/laravel-CreateRead/vendor/symfony/console/Application.php(171): Symfony\\Component\\Console\\Application->doRun()
#25 /media/rizky/B/file lama/kampus/SMT6/Rekayasa Web/praktikum/laravel-CreateRead/vendor/laravel/framework/src/Illuminate/Console/Application.php(102): Symfony\\Component\\Console\\Application->run()
#26 /media/rizky/B/file lama/kampus/SMT6/Rekayasa Web/praktikum/laravel-CreateRead/vendor/laravel/framework/src/Illuminate/Foundation/Console/Kernel.php(129): Illuminate\\Console\\Application->run()
#27 /media/rizky/B/file lama/kampus/SMT6/Rekayasa Web/praktikum/laravel-CreateRead/artisan(37): Illuminate\\Foundation\\Console\\Kernel->handle()
#28 {main}
"} 
[2022-06-01 05:02:12] laravel.WARNING: str_replace(): Passing null to parameter #3 ($subject) of type array|string is deprecated in /media/rizky/B/file lama/kampus/SMT6/Rekayasa Web/praktikum/laravel-CreateRead/vendor/laravel/framework/src/Illuminate/Foundation/Console/RouteListCommand.php on line 403  
[2022-06-01 05:02:12] laravel.EMERGENCY: Unable to create configured logger. Using emergency logger. {"exception":"[object] (InvalidArgumentException(code: 0): Log [deprecations] is not defined. at /media/rizky/B/file lama/kampus/SMT6/Rekayasa Web/praktikum/laravel-CreateRead/vendor/laravel/framework/src/Illuminate/Log/LogManager.php:207)
[stacktrace]
#0 /media/rizky/B/file lama/kampus/SMT6/Rekayasa Web/praktikum/laravel-CreateRead/vendor/laravel/framework/src/Illuminate/Log/LogManager.php(132): Illuminate\\Log\\LogManager->resolve()
#1 /media/rizky/B/file lama/kampus/SMT6/Rekayasa Web/praktikum/laravel-CreateRead/vendor/laravel/framework/src/Illuminate/Log/LogManager.php(119): Illuminate\\Log\\LogManager->get()
#2 /media/rizky/B/file lama/kampus/SMT6/Rekayasa Web/praktikum/laravel-CreateRead/vendor/laravel/framework/src/Illuminate/Log/LogManager.php(108): Illuminate\\Log\\LogManager->driver()
#3 /media/rizky/B/file lama/kampus/SMT6/Rekayasa Web/praktikum/laravel-CreateRead/vendor/laravel/framework/src/Illuminate/Foundation/Bootstrap/HandleExceptions.php(122): Illuminate\\Log\\LogManager->channel()
#4 /media/rizky/B/file lama/kampus/SMT6/Rekayasa Web/praktikum/laravel-CreateRead/vendor/laravel/framework/src/Illuminate/Foundation/Bootstrap/HandleExceptions.php(71): Illuminate\\Foundation\\Bootstrap\\HandleExceptions->handleDeprecationError()
#5 /media/rizky/B/file lama/kampus/SMT6/Rekayasa Web/praktikum/laravel-CreateRead/vendor/laravel/framework/src/Illuminate/Foundation/Bootstrap/HandleExceptions.php(255): Illuminate\\Foundation\\Bootstrap\\HandleExceptions->handleError()
#6 [internal function]: Illuminate\\Foundation\\Bootstrap\\HandleExceptions->Illuminate\\Foundation\\Bootstrap\\{closure}()
#7 /media/rizky/B/file lama/kampus/SMT6/Rekayasa Web/praktikum/laravel-CreateRead/vendor/laravel/framework/src/Illuminate/Foundation/Console/RouteListCommand.php(403): str_replace()
#8 [internal function]: Illuminate\\Foundation\\Console\\RouteListCommand->Illuminate\\Foundation\\Console\\{closure}()
#9 /media/rizky/B/file lama/kampus/SMT6/Rekayasa Web/praktikum/laravel-CreateRead/vendor/laravel/framework/src/Illuminate/Collections/Arr.php(558): array_map()
#10 /media/rizky/B/file lama/kampus/SMT6/Rekayasa Web/praktikum/laravel-CreateRead/vendor/laravel/framework/src/Illuminate/Collections/Collection.php(723): Illuminate\\Support\\Arr::map()
#11 /media/rizky/B/file lama/kampus/SMT6/Rekayasa Web/praktikum/laravel-CreateRead/vendor/laravel/framework/src/Illuminate/Foundation/Console/RouteListCommand.php(405): Illuminate\\Support\\Collection->map()
#12 /media/rizky/B/file lama/kampus/SMT6/Rekayasa Web/praktikum/laravel-CreateRead/vendor/laravel/framework/src/Illuminate/Foundation/Console/RouteListCommand.php(198): Illuminate\\Foundation\\Console\\RouteListCommand->forCli()
#13 /media/rizky/B/file lama/kampus/SMT6/Rekayasa Web/praktikum/laravel-CreateRead/vendor/laravel/framework/src/Illuminate/Foundation/Console/RouteListCommand.php(114): Illuminate\\Foundation\\Console\\RouteListCommand->displayRoutes()
#14 /media/rizky/B/file lama/kampus/SMT6/Rekayasa Web/praktikum/laravel-CreateRead/vendor/laravel/framework/src/Illuminate/Container/BoundMethod.php(36): Illuminate\\Foundation\\Console\\RouteListCommand->handle()
#15 /media/rizky/B/file lama/kampus/SMT6/Rekayasa Web/praktikum/laravel-CreateRead/vendor/laravel/framework/src/Illuminate/Container/Util.php(41): Illuminate\\Container\\BoundMethod::Illuminate\\Container\\{closure}()
#16 /media/rizky/B/file lama/kampus/SMT6/Rekayasa Web/praktikum/laravel-CreateRead/vendor/laravel/framework/src/Illuminate/Container/BoundMethod.php(93): Illuminate\\Container\\Util::unwrapIfClosure()
#17 /media/rizky/B/file lama/kampus/SMT6/Rekayasa Web/praktikum/laravel-CreateRead/vendor/laravel/framework/src/Illuminate/Container/BoundMethod.php(37): Illuminate\\Container\\BoundMethod::callBoundMethod()
#18 /media/rizky/B/file lama/kampus/SMT6/Rekayasa Web/praktikum/laravel-CreateRead/vendor/laravel/framework/src/Illuminate/Container/Container.php(651): Illuminate\\Container\\BoundMethod::call()
#19 /media/rizky/B/file lama/kampus/SMT6/Rekayasa Web/praktikum/laravel-CreateRead/vendor/laravel/framework/src/Illuminate/Console/Command.php(136): Illuminate\\Container\\Container->call()
#20 /media/rizky/B/file lama/kampus/SMT6/Rekayasa Web/praktikum/laravel-CreateRead/vendor/symfony/console/Command/Command.php(308): Illuminate\\Console\\Command->execute()
#21 /media/rizky/B/file lama/kampus/SMT6/Rekayasa Web/praktikum/laravel-CreateRead/vendor/laravel/framework/src/Illuminate/Console/Command.php(121): Symfony\\Component\\Console\\Command\\Command->run()
#22 /media/rizky/B/file lama/kampus/SMT6/Rekayasa Web/praktikum/laravel-CreateRead/vendor/symfony/console/Application.php(998): Illuminate\\Console\\Command->run()
#23 /media/rizky/B/file lama/kampus/SMT6/Rekayasa Web/praktikum/laravel-CreateRead/vendor/symfony/console/Application.php(299): Symfony\\Component\\Console\\Application->doRunCommand()
#24 /media/rizky/B/file lama/kampus/SMT6/Rekayasa Web/praktikum/laravel-CreateRead/vendor/symfony/console/Application.php(171): Symfony\\Component\\Console\\Application->doRun()
#25 /media/rizky/B/file lama/kampus/SMT6/Rekayasa Web/praktikum/laravel-CreateRead/vendor/laravel/framework/src/Illuminate/Console/Application.php(102): Symfony\\Component\\Console\\Application->run()
#26 /media/rizky/B/file lama/kampus/SMT6/Rekayasa Web/praktikum/laravel-CreateRead/vendor/laravel/framework/src/Illuminate/Foundation/Console/Kernel.php(129): Illuminate\\Console\\Application->run()
#27 /media/rizky/B/file lama/kampus/SMT6/Rekayasa Web/praktikum/laravel-CreateRead/artisan(37): Illuminate\\Foundation\\Console\\Kernel->handle()
#28 {main}
"} 
[2022-06-01 05:02:12] laravel.WARNING: str_replace(): Passing null to parameter #3 ($subject) of type array|string is deprecated in /media/rizky/B/file lama/kampus/SMT6/Rekayasa Web/praktikum/laravel-CreateRead/vendor/laravel/framework/src/Illuminate/Foundation/Console/RouteListCommand.php on line 403  
[2022-06-01 05:53:59] local.ERROR: Class "App\Http\Controllers\Post" not found {"exception":"[object] (Error(code: 0): Class \"App\\Http\\Controllers\\Post\" not found at /media/rizky/B/file lama/kampus/SMT6/Rekayasa Web/praktikum/laravel-CreateRead/app/Http/Controllers/PostController.php:42)
[stacktrace]
#0 /media/rizky/B/file lama/kampus/SMT6/Rekayasa Web/praktikum/laravel-CreateRead/vendor/laravel/framework/src/Illuminate/Routing/Controller.php(54): App\\Http\\Controllers\\PostController->store()
#1 /media/rizky/B/file lama/kampus/SMT6/Rekayasa Web/praktikum/laravel-CreateRead/vendor/laravel/framework/src/Illuminate/Routing/ControllerDispatcher.php(45): Illuminate\\Routing\\Controller->callAction()
#2 /media/rizky/B/file lama/kampus/SMT6/Rekayasa Web/praktikum/laravel-CreateRead/vendor/laravel/framework/src/Illuminate/Routing/Route.php(261): Illuminate\\Routing\\ControllerDispatcher->dispatch()
#3 /media/rizky/B/file lama/kampus/SMT6/Rekayasa Web/praktikum/laravel-CreateRead/vendor/laravel/framework/src/Illuminate/Routing/Route.php(204): Illuminate\\Routing\\Route->runController()
#4 /media/rizky/B/file lama/kampus/SMT6/Rekayasa Web/praktikum/laravel-CreateRead/vendor/laravel/framework/src/Illuminate/Routing/Router.php(725): Illuminate\\Routing\\Route->run()
#5 /media/rizky/B/file lama/kampus/SMT6/Rekayasa Web/praktikum/laravel-CreateRead/vendor/laravel/framework/src/Illuminate/Pipeline/Pipeline.php(141): Illuminate\\Routing\\Router->Illuminate\\Routing\\{closure}()
#6 /media/rizky/B/file lama/kampus/SMT6/Rekayasa Web/praktikum/laravel-CreateRead/vendor/laravel/framework/src/Illuminate/Routing/Middleware/SubstituteBindings.php(50): Illuminate\\Pipeline\\Pipeline->Illuminate\\Pipeline\\{closure}()
#7 /media/rizky/B/file lama/kampus/SMT6/Rekayasa Web/praktikum/laravel-CreateRead/vendor/laravel/framework/src/Illuminate/Pipeline/Pipeline.php(180): Illuminate\\Routing\\Middleware\\SubstituteBindings->handle()
#8 /media/rizky/B/file lama/kampus/SMT6/Rekayasa Web/praktikum/laravel-CreateRead/vendor/laravel/framework/src/Illuminate/Foundation/Http/Middleware/VerifyCsrfToken.php(78): Illuminate\\Pipeline\\Pipeline->Illuminate\\Pipeline\\{closure}()
#9 /media/rizky/B/file lama/kampus/SMT6/Rekayasa Web/praktikum/laravel-CreateRead/vendor/laravel/framework/src/Illuminate/Pipeline/Pipeline.php(180): Illuminate\\Foundation\\Http\\Middleware\\VerifyCsrfToken->handle()
#10 /media/rizky/B/file lama/kampus/SMT6/Rekayasa Web/praktikum/laravel-CreateRead/vendor/laravel/framework/src/Illuminate/View/Middleware/ShareErrorsFromSession.php(49): Illuminate\\Pipeline\\Pipeline->Illuminate\\Pipeline\\{closure}()
#11 /media/rizky/B/file lama/kampus/SMT6/Rekayasa Web/praktikum/laravel-CreateRead/vendor/laravel/framework/src/Illuminate/Pipeline/Pipeline.php(180): Illuminate\\View\\Middleware\\ShareErrorsFromSession->handle()
#12 /media/rizky/B/file lama/kampus/SMT6/Rekayasa Web/praktikum/laravel-CreateRead/vendor/laravel/framework/src/Illuminate/Session/Middleware/StartSession.php(121): Illuminate\\Pipeline\\Pipeline->Illuminate\\Pipeline\\{closure}()
#13 /media/rizky/B/file lama/kampus/SMT6/Rekayasa Web/praktikum/laravel-CreateRead/vendor/laravel/framework/src/Illuminate/Session/Middleware/StartSession.php(64): Illuminate\\Session\\Middleware\\StartSession->handleStatefulRequest()
#14 /media/rizky/B/file lama/kampus/SMT6/Rekayasa Web/praktikum/laravel-CreateRead/vendor/laravel/framework/src/Illuminate/Pipeline/Pipeline.php(180): Illuminate\\Session\\Middleware\\StartSession->handle()
#15 /media/rizky/B/file lama/kampus/SMT6/Rekayasa Web/praktikum/laravel-CreateRead/vendor/laravel/framework/src/Illuminate/Cookie/Middleware/AddQueuedCookiesToResponse.php(37): Illuminate\\Pipeline\\Pipeline->Illuminate\\Pipeline\\{closure}()
#16 /media/rizky/B/file lama/kampus/SMT6/Rekayasa Web/praktikum/laravel-CreateRead/vendor/laravel/framework/src/Illuminate/Pipeline/Pipeline.php(180): Illuminate\\Cookie\\Middleware\\AddQueuedCookiesToResponse->handle()
#17 /media/rizky/B/file lama/kampus/SMT6/Rekayasa Web/praktikum/laravel-CreateRead/vendor/laravel/framework/src/Illuminate/Cookie/Middleware/EncryptCookies.php(67): Illuminate\\Pipeline\\Pipeline->Illuminate\\Pipeline\\{closure}()
#18 /media/rizky/B/file lama/kampus/SMT6/Rekayasa Web/praktikum/laravel-CreateRead/vendor/laravel/framework/src/Illuminate/Pipeline/Pipeline.php(180): Illuminate\\Cookie\\Middleware\\EncryptCookies->handle()
#19 /media/rizky/B/file lama/kampus/SMT6/Rekayasa Web/praktikum/laravel-CreateRead/vendor/laravel/framework/src/Illuminate/Pipeline/Pipeline.php(116): Illuminate\\Pipeline\\Pipeline->Illuminate\\Pipeline\\{closure}()
#20 /media/rizky/B/file lama/kampus/SMT6/Rekayasa Web/praktikum/laravel-CreateRead/vendor/laravel/framework/src/Illuminate/Routing/Router.php(726): Illuminate\\Pipeline\\Pipeline->then()
#21 /media/rizky/B/file lama/kampus/SMT6/Rekayasa Web/praktikum/laravel-CreateRead/vendor/laravel/framework/src/Illuminate/Routing/Router.php(703): Illuminate\\Routing\\Router->runRouteWithinStack()
#22 /media/rizky/B/file lama/kampus/SMT6/Rekayasa Web/praktikum/laravel-CreateRead/vendor/laravel/framework/src/Illuminate/Routing/Router.php(667): Illuminate\\Routing\\Router->runRoute()
#23 /media/rizky/B/file lama/kampus/SMT6/Rekayasa Web/praktikum/laravel-CreateRead/vendor/laravel/framework/src/Illuminate/Routing/Router.php(656): Illuminate\\Routing\\Router->dispatchToRoute()
#24 /media/rizky/B/file lama/kampus/SMT6/Rekayasa Web/praktikum/laravel-CreateRead/vendor/laravel/framework/src/Illuminate/Foundation/Http/Kernel.php(167): Illuminate\\Routing\\Router->dispatch()
#25 /media/rizky/B/file lama/kampus/SMT6/Rekayasa Web/praktikum/laravel-CreateRead/vendor/laravel/framework/src/Illuminate/Pipeline/Pipeline.php(141): Illuminate\\Foundation\\Http\\Kernel->Illuminate\\Foundation\\Http\\{closure}()
#26 /media/rizky/B/file lama/kampus/SMT6/Rekayasa Web/praktikum/laravel-CreateRead/vendor/laravel/framework/src/Illuminate/Foundation/Http/Middleware/TransformsRequest.php(21): Illuminate\\Pipeline\\Pipeline->Illuminate\\Pipeline\\{closure}()
#27 /media/rizky/B/file lama/kampus/SMT6/Rekayasa Web/praktikum/laravel-CreateRead/vendor/laravel/framework/src/Illuminate/Foundation/Http/Middleware/ConvertEmptyStringsToNull.php(31): Illuminate\\Foundation\\Http\\Middleware\\TransformsRequest->handle()
#28 /media/rizky/B/file lama/kampus/SMT6/Rekayasa Web/praktikum/laravel-CreateRead/vendor/laravel/framework/src/Illuminate/Pipeline/Pipeline.php(180): Illuminate\\Foundation\\Http\\Middleware\\ConvertEmptyStringsToNull->handle()
#29 /media/rizky/B/file lama/kampus/SMT6/Rekayasa Web/praktikum/laravel-CreateRead/vendor/laravel/framework/src/Illuminate/Foundation/Http/Middleware/TransformsRequest.php(21): Illuminate\\Pipeline\\Pipeline->Illuminate\\Pipeline\\{closure}()
#30 /media/rizky/B/file lama/kampus/SMT6/Rekayasa Web/praktikum/laravel-CreateRead/vendor/laravel/framework/src/Illuminate/Foundation/Http/Middleware/TrimStrings.php(40): Illuminate\\Foundation\\Http\\Middleware\\TransformsRequest->handle()
#31 /media/rizky/B/file lama/kampus/SMT6/Rekayasa Web/praktikum/laravel-CreateRead/vendor/laravel/framework/src/Illuminate/Pipeline/Pipeline.php(180): Illuminate\\Foundation\\Http\\Middleware\\TrimStrings->handle()
#32 /media/rizky/B/file lama/kampus/SMT6/Rekayasa Web/praktikum/laravel-CreateRead/vendor/laravel/framework/src/Illuminate/Foundation/Http/Middleware/ValidatePostSize.php(27): Illuminate\\Pipeline\\Pipeline->Illuminate\\Pipeline\\{closure}()
#33 /media/rizky/B/file lama/kampus/SMT6/Rekayasa Web/praktikum/laravel-CreateRead/vendor/laravel/framework/src/Illuminate/Pipeline/Pipeline.php(180): Illuminate\\Foundation\\Http\\Middleware\\ValidatePostSize->handle()
#34 /media/rizky/B/file lama/kampus/SMT6/Rekayasa Web/praktikum/laravel-CreateRead/vendor/laravel/framework/src/Illuminate/Foundation/Http/Middleware/PreventRequestsDuringMaintenance.php(86): Illuminate\\Pipeline\\Pipeline->Illuminate\\Pipeline\\{closure}()
#35 /media/rizky/B/file lama/kampus/SMT6/Rekayasa Web/praktikum/laravel-CreateRead/vendor/laravel/framework/src/Illuminate/Pipeline/Pipeline.php(180): Illuminate\\Foundation\\Http\\Middleware\\PreventRequestsDuringMaintenance->handle()
#36 /media/rizky/B/file lama/kampus/SMT6/Rekayasa Web/praktikum/laravel-CreateRead/vendor/laravel/framework/src/Illuminate/Http/Middleware/HandleCors.php(49): Illuminate\\Pipeline\\Pipeline->Illuminate\\Pipeline\\{closure}()
#37 /media/rizky/B/file lama/kampus/SMT6/Rekayasa Web/praktikum/laravel-CreateRead/vendor/laravel/framework/src/Illuminate/Pipeline/Pipeline.php(180): Illuminate\\Http\\Middleware\\HandleCors->handle()
#38 /media/rizky/B/file lama/kampus/SMT6/Rekayasa Web/praktikum/laravel-CreateRead/vendor/laravel/framework/src/Illuminate/Http/Middleware/TrustProxies.php(39): Illuminate\\Pipeline\\Pipeline->Illuminate\\Pipeline\\{closure}()
#39 /media/rizky/B/file lama/kampus/SMT6/Rekayasa Web/praktikum/laravel-CreateRead/vendor/laravel/framework/src/Illuminate/Pipeline/Pipeline.php(180): Illuminate\\Http\\Middleware\\TrustProxies->handle()
#40 /media/rizky/B/file lama/kampus/SMT6/Rekayasa Web/praktikum/laravel-CreateRead/vendor/laravel/framework/src/Illuminate/Pipeline/Pipeline.php(116): Illuminate\\Pipeline\\Pipeline->Illuminate\\Pipeline\\{closure}()
#41 /media/rizky/B/file lama/kampus/SMT6/Rekayasa Web/praktikum/laravel-CreateRead/vendor/laravel/framework/src/Illuminate/Foundation/Http/Kernel.php(142): Illuminate\\Pipeline\\Pipeline->then()
#42 /media/rizky/B/file lama/kampus/SMT6/Rekayasa Web/praktikum/laravel-CreateRead/vendor/laravel/framework/src/Illuminate/Foundation/Http/Kernel.php(111): Illuminate\\Foundation\\Http\\Kernel->sendRequestThroughRouter()
#43 /media/rizky/B/file lama/kampus/SMT6/Rekayasa Web/praktikum/laravel-CreateRead/public/index.php(52): Illuminate\\Foundation\\Http\\Kernel->handle()
#44 /media/rizky/B/file lama/kampus/SMT6/Rekayasa Web/praktikum/laravel-CreateRead/vendor/laravel/framework/src/Illuminate/Foundation/resources/server.php(16): require_once('...')
#45 {main}
"} 
[2022-06-01 05:54:47] local.ERROR: Class "App\Http\Controllers\Post" not found {"exception":"[object] (Error(code: 0): Class \"App\\Http\\Controllers\\Post\" not found at /media/rizky/B/file lama/kampus/SMT6/Rekayasa Web/praktikum/laravel-CreateRead/app/Http/Controllers/PostController.php:42)
[stacktrace]
#0 /media/rizky/B/file lama/kampus/SMT6/Rekayasa Web/praktikum/laravel-CreateRead/vendor/laravel/framework/src/Illuminate/Routing/Controller.php(54): App\\Http\\Controllers\\PostController->store()
#1 /media/rizky/B/file lama/kampus/SMT6/Rekayasa Web/praktikum/laravel-CreateRead/vendor/laravel/framework/src/Illuminate/Routing/ControllerDispatcher.php(45): Illuminate\\Routing\\Controller->callAction()
#2 /media/rizky/B/file lama/kampus/SMT6/Rekayasa Web/praktikum/laravel-CreateRead/vendor/laravel/framework/src/Illuminate/Routing/Route.php(261): Illuminate\\Routing\\ControllerDispatcher->dispatch()
#3 /media/rizky/B/file lama/kampus/SMT6/Rekayasa Web/praktikum/laravel-CreateRead/vendor/laravel/framework/src/Illuminate/Routing/Route.php(204): Illuminate\\Routing\\Route->runController()
#4 /media/rizky/B/file lama/kampus/SMT6/Rekayasa Web/praktikum/laravel-CreateRead/vendor/laravel/framework/src/Illuminate/Routing/Router.php(725): Illuminate\\Routing\\Route->run()
#5 /media/rizky/B/file lama/kampus/SMT6/Rekayasa Web/praktikum/laravel-CreateRead/vendor/laravel/framework/src/Illuminate/Pipeline/Pipeline.php(141): Illuminate\\Routing\\Router->Illuminate\\Routing\\{closure}()
#6 /media/rizky/B/file lama/kampus/SMT6/Rekayasa Web/praktikum/laravel-CreateRead/vendor/laravel/framework/src/Illuminate/Routing/Middleware/SubstituteBindings.php(50): Illuminate\\Pipeline\\Pipeline->Illuminate\\Pipeline\\{closure}()
#7 /media/rizky/B/file lama/kampus/SMT6/Rekayasa Web/praktikum/laravel-CreateRead/vendor/laravel/framework/src/Illuminate/Pipeline/Pipeline.php(180): Illuminate\\Routing\\Middleware\\SubstituteBindings->handle()
#8 /media/rizky/B/file lama/kampus/SMT6/Rekayasa Web/praktikum/laravel-CreateRead/vendor/laravel/framework/src/Illuminate/Foundation/Http/Middleware/VerifyCsrfToken.php(78): Illuminate\\Pipeline\\Pipeline->Illuminate\\Pipeline\\{closure}()
#9 /media/rizky/B/file lama/kampus/SMT6/Rekayasa Web/praktikum/laravel-CreateRead/vendor/laravel/framework/src/Illuminate/Pipeline/Pipeline.php(180): Illuminate\\Foundation\\Http\\Middleware\\VerifyCsrfToken->handle()
#10 /media/rizky/B/file lama/kampus/SMT6/Rekayasa Web/praktikum/laravel-CreateRead/vendor/laravel/framework/src/Illuminate/View/Middleware/ShareErrorsFromSession.php(49): Illuminate\\Pipeline\\Pipeline->Illuminate\\Pipeline\\{closure}()
#11 /media/rizky/B/file lama/kampus/SMT6/Rekayasa Web/praktikum/laravel-CreateRead/vendor/laravel/framework/src/Illuminate/Pipeline/Pipeline.php(180): Illuminate\\View\\Middleware\\ShareErrorsFromSession->handle()
#12 /media/rizky/B/file lama/kampus/SMT6/Rekayasa Web/praktikum/laravel-CreateRead/vendor/laravel/framework/src/Illuminate/Session/Middleware/StartSession.php(121): Illuminate\\Pipeline\\Pipeline->Illuminate\\Pipeline\\{closure}()
#13 /media/rizky/B/file lama/kampus/SMT6/Rekayasa Web/praktikum/laravel-CreateRead/vendor/laravel/framework/src/Illuminate/Session/Middleware/StartSession.php(64): Illuminate\\Session\\Middleware\\StartSession->handleStatefulRequest()
#14 /media/rizky/B/file lama/kampus/SMT6/Rekayasa Web/praktikum/laravel-CreateRead/vendor/laravel/framework/src/Illuminate/Pipeline/Pipeline.php(180): Illuminate\\Session\\Middleware\\StartSession->handle()
#15 /media/rizky/B/file lama/kampus/SMT6/Rekayasa Web/praktikum/laravel-CreateRead/vendor/laravel/framework/src/Illuminate/Cookie/Middleware/AddQueuedCookiesToResponse.php(37): Illuminate\\Pipeline\\Pipeline->Illuminate\\Pipeline\\{closure}()
#16 /media/rizky/B/file lama/kampus/SMT6/Rekayasa Web/praktikum/laravel-CreateRead/vendor/laravel/framework/src/Illuminate/Pipeline/Pipeline.php(180): Illuminate\\Cookie\\Middleware\\AddQueuedCookiesToResponse->handle()
#17 /media/rizky/B/file lama/kampus/SMT6/Rekayasa Web/praktikum/laravel-CreateRead/vendor/laravel/framework/src/Illuminate/Cookie/Middleware/EncryptCookies.php(67): Illuminate\\Pipeline\\Pipeline->Illuminate\\Pipeline\\{closure}()
#18 /media/rizky/B/file lama/kampus/SMT6/Rekayasa Web/praktikum/laravel-CreateRead/vendor/laravel/framework/src/Illuminate/Pipeline/Pipeline.php(180): Illuminate\\Cookie\\Middleware\\EncryptCookies->handle()
#19 /media/rizky/B/file lama/kampus/SMT6/Rekayasa Web/praktikum/laravel-CreateRead/vendor/laravel/framework/src/Illuminate/Pipeline/Pipeline.php(116): Illuminate\\Pipeline\\Pipeline->Illuminate\\Pipeline\\{closure}()
#20 /media/rizky/B/file lama/kampus/SMT6/Rekayasa Web/praktikum/laravel-CreateRead/vendor/laravel/framework/src/Illuminate/Routing/Router.php(726): Illuminate\\Pipeline\\Pipeline->then()
#21 /media/rizky/B/file lama/kampus/SMT6/Rekayasa Web/praktikum/laravel-CreateRead/vendor/laravel/framework/src/Illuminate/Routing/Router.php(703): Illuminate\\Routing\\Router->runRouteWithinStack()
#22 /media/rizky/B/file lama/kampus/SMT6/Rekayasa Web/praktikum/laravel-CreateRead/vendor/laravel/framework/src/Illuminate/Routing/Router.php(667): Illuminate\\Routing\\Router->runRoute()
#23 /media/rizky/B/file lama/kampus/SMT6/Rekayasa Web/praktikum/laravel-CreateRead/vendor/laravel/framework/src/Illuminate/Routing/Router.php(656): Illuminate\\Routing\\Router->dispatchToRoute()
#24 /media/rizky/B/file lama/kampus/SMT6/Rekayasa Web/praktikum/laravel-CreateRead/vendor/laravel/framework/src/Illuminate/Foundation/Http/Kernel.php(167): Illuminate\\Routing\\Router->dispatch()
#25 /media/rizky/B/file lama/kampus/SMT6/Rekayasa Web/praktikum/laravel-CreateRead/vendor/laravel/framework/src/Illuminate/Pipeline/Pipeline.php(141): Illuminate\\Foundation\\Http\\Kernel->Illuminate\\Foundation\\Http\\{closure}()
#26 /media/rizky/B/file lama/kampus/SMT6/Rekayasa Web/praktikum/laravel-CreateRead/vendor/laravel/framework/src/Illuminate/Foundation/Http/Middleware/TransformsRequest.php(21): Illuminate\\Pipeline\\Pipeline->Illuminate\\Pipeline\\{closure}()
#27 /media/rizky/B/file lama/kampus/SMT6/Rekayasa Web/praktikum/laravel-CreateRead/vendor/laravel/framework/src/Illuminate/Foundation/Http/Middleware/ConvertEmptyStringsToNull.php(31): Illuminate\\Foundation\\Http\\Middleware\\TransformsRequest->handle()
#28 /media/rizky/B/file lama/kampus/SMT6/Rekayasa Web/praktikum/laravel-CreateRead/vendor/laravel/framework/src/Illuminate/Pipeline/Pipeline.php(180): Illuminate\\Foundation\\Http\\Middleware\\ConvertEmptyStringsToNull->handle()
#29 /media/rizky/B/file lama/kampus/SMT6/Rekayasa Web/praktikum/laravel-CreateRead/vendor/laravel/framework/src/Illuminate/Foundation/Http/Middleware/TransformsRequest.php(21): Illuminate\\Pipeline\\Pipeline->Illuminate\\Pipeline\\{closure}()
#30 /media/rizky/B/file lama/kampus/SMT6/Rekayasa Web/praktikum/laravel-CreateRead/vendor/laravel/framework/src/Illuminate/Foundation/Http/Middleware/TrimStrings.php(40): Illuminate\\Foundation\\Http\\Middleware\\TransformsRequest->handle()
#31 /media/rizky/B/file lama/kampus/SMT6/Rekayasa Web/praktikum/laravel-CreateRead/vendor/laravel/framework/src/Illuminate/Pipeline/Pipeline.php(180): Illuminate\\Foundation\\Http\\Middleware\\TrimStrings->handle()
#32 /media/rizky/B/file lama/kampus/SMT6/Rekayasa Web/praktikum/laravel-CreateRead/vendor/laravel/framework/src/Illuminate/Foundation/Http/Middleware/ValidatePostSize.php(27): Illuminate\\Pipeline\\Pipeline->Illuminate\\Pipeline\\{closure}()
#33 /media/rizky/B/file lama/kampus/SMT6/Rekayasa Web/praktikum/laravel-CreateRead/vendor/laravel/framework/src/Illuminate/Pipeline/Pipeline.php(180): Illuminate\\Foundation\\Http\\Middleware\\ValidatePostSize->handle()
#34 /media/rizky/B/file lama/kampus/SMT6/Rekayasa Web/praktikum/laravel-CreateRead/vendor/laravel/framework/src/Illuminate/Foundation/Http/Middleware/PreventRequestsDuringMaintenance.php(86): Illuminate\\Pipeline\\Pipeline->Illuminate\\Pipeline\\{closure}()
#35 /media/rizky/B/file lama/kampus/SMT6/Rekayasa Web/praktikum/laravel-CreateRead/vendor/laravel/framework/src/Illuminate/Pipeline/Pipeline.php(180): Illuminate\\Foundation\\Http\\Middleware\\PreventRequestsDuringMaintenance->handle()
#36 /media/rizky/B/file lama/kampus/SMT6/Rekayasa Web/praktikum/laravel-CreateRead/vendor/laravel/framework/src/Illuminate/Http/Middleware/HandleCors.php(49): Illuminate\\Pipeline\\Pipeline->Illuminate\\Pipeline\\{closure}()
#37 /media/rizky/B/file lama/kampus/SMT6/Rekayasa Web/praktikum/laravel-CreateRead/vendor/laravel/framework/src/Illuminate/Pipeline/Pipeline.php(180): Illuminate\\Http\\Middleware\\HandleCors->handle()
#38 /media/rizky/B/file lama/kampus/SMT6/Rekayasa Web/praktikum/laravel-CreateRead/vendor/laravel/framework/src/Illuminate/Http/Middleware/TrustProxies.php(39): Illuminate\\Pipeline\\Pipeline->Illuminate\\Pipeline\\{closure}()
#39 /media/rizky/B/file lama/kampus/SMT6/Rekayasa Web/praktikum/laravel-CreateRead/vendor/laravel/framework/src/Illuminate/Pipeline/Pipeline.php(180): Illuminate\\Http\\Middleware\\TrustProxies->handle()
#40 /media/rizky/B/file lama/kampus/SMT6/Rekayasa Web/praktikum/laravel-CreateRead/vendor/laravel/framework/src/Illuminate/Pipeline/Pipeline.php(116): Illuminate\\Pipeline\\Pipeline->Illuminate\\Pipeline\\{closure}()
#41 /media/rizky/B/file lama/kampus/SMT6/Rekayasa Web/praktikum/laravel-CreateRead/vendor/laravel/framework/src/Illuminate/Foundation/Http/Kernel.php(142): Illuminate\\Pipeline\\Pipeline->then()
#42 /media/rizky/B/file lama/kampus/SMT6/Rekayasa Web/praktikum/laravel-CreateRead/vendor/laravel/framework/src/Illuminate/Foundation/Http/Kernel.php(111): Illuminate\\Foundation\\Http\\Kernel->sendRequestThroughRouter()
#43 /media/rizky/B/file lama/kampus/SMT6/Rekayasa Web/praktikum/laravel-CreateRead/public/index.php(52): Illuminate\\Foundation\\Http\\Kernel->handle()
#44 /media/rizky/B/file lama/kampus/SMT6/Rekayasa Web/praktikum/laravel-CreateRead/vendor/laravel/framework/src/Illuminate/Foundation/resources/server.php(16): require_once('...')
#45 {main}
"} 
[2022-06-01 05:55:04] local.ERROR: Class "App\Http\Controllers\Post" not found {"exception":"[object] (Error(code: 0): Class \"App\\Http\\Controllers\\Post\" not found at /media/rizky/B/file lama/kampus/SMT6/Rekayasa Web/praktikum/laravel-CreateRead/app/Http/Controllers/PostController.php:42)
[stacktrace]
#0 /media/rizky/B/file lama/kampus/SMT6/Rekayasa Web/praktikum/laravel-CreateRead/vendor/laravel/framework/src/Illuminate/Routing/Controller.php(54): App\\Http\\Controllers\\PostController->store()
#1 /media/rizky/B/file lama/kampus/SMT6/Rekayasa Web/praktikum/laravel-CreateRead/vendor/laravel/framework/src/Illuminate/Routing/ControllerDispatcher.php(45): Illuminate\\Routing\\Controller->callAction()
#2 /media/rizky/B/file lama/kampus/SMT6/Rekayasa Web/praktikum/laravel-CreateRead/vendor/laravel/framework/src/Illuminate/Routing/Route.php(261): Illuminate\\Routing\\ControllerDispatcher->dispatch()
#3 /media/rizky/B/file lama/kampus/SMT6/Rekayasa Web/praktikum/laravel-CreateRead/vendor/laravel/framework/src/Illuminate/Routing/Route.php(204): Illuminate\\Routing\\Route->runController()
#4 /media/rizky/B/file lama/kampus/SMT6/Rekayasa Web/praktikum/laravel-CreateRead/vendor/laravel/framework/src/Illuminate/Routing/Router.php(725): Illuminate\\Routing\\Route->run()
#5 /media/rizky/B/file lama/kampus/SMT6/Rekayasa Web/praktikum/laravel-CreateRead/vendor/laravel/framework/src/Illuminate/Pipeline/Pipeline.php(141): Illuminate\\Routing\\Router->Illuminate\\Routing\\{closure}()
#6 /media/rizky/B/file lama/kampus/SMT6/Rekayasa Web/praktikum/laravel-CreateRead/vendor/laravel/framework/src/Illuminate/Routing/Middleware/SubstituteBindings.php(50): Illuminate\\Pipeline\\Pipeline->Illuminate\\Pipeline\\{closure}()
#7 /media/rizky/B/file lama/kampus/SMT6/Rekayasa Web/praktikum/laravel-CreateRead/vendor/laravel/framework/src/Illuminate/Pipeline/Pipeline.php(180): Illuminate\\Routing\\Middleware\\SubstituteBindings->handle()
#8 /media/rizky/B/file lama/kampus/SMT6/Rekayasa Web/praktikum/laravel-CreateRead/vendor/laravel/framework/src/Illuminate/Foundation/Http/Middleware/VerifyCsrfToken.php(78): Illuminate\\Pipeline\\Pipeline->Illuminate\\Pipeline\\{closure}()
#9 /media/rizky/B/file lama/kampus/SMT6/Rekayasa Web/praktikum/laravel-CreateRead/vendor/laravel/framework/src/Illuminate/Pipeline/Pipeline.php(180): Illuminate\\Foundation\\Http\\Middleware\\VerifyCsrfToken->handle()
#10 /media/rizky/B/file lama/kampus/SMT6/Rekayasa Web/praktikum/laravel-CreateRead/vendor/laravel/framework/src/Illuminate/View/Middleware/ShareErrorsFromSession.php(49): Illuminate\\Pipeline\\Pipeline->Illuminate\\Pipeline\\{closure}()
#11 /media/rizky/B/file lama/kampus/SMT6/Rekayasa Web/praktikum/laravel-CreateRead/vendor/laravel/framework/src/Illuminate/Pipeline/Pipeline.php(180): Illuminate\\View\\Middleware\\ShareErrorsFromSession->handle()
#12 /media/rizky/B/file lama/kampus/SMT6/Rekayasa Web/praktikum/laravel-CreateRead/vendor/laravel/framework/src/Illuminate/Session/Middleware/StartSession.php(121): Illuminate\\Pipeline\\Pipeline->Illuminate\\Pipeline\\{closure}()
#13 /media/rizky/B/file lama/kampus/SMT6/Rekayasa Web/praktikum/laravel-CreateRead/vendor/laravel/framework/src/Illuminate/Session/Middleware/StartSession.php(64): Illuminate\\Session\\Middleware\\StartSession->handleStatefulRequest()
#14 /media/rizky/B/file lama/kampus/SMT6/Rekayasa Web/praktikum/laravel-CreateRead/vendor/laravel/framework/src/Illuminate/Pipeline/Pipeline.php(180): Illuminate\\Session\\Middleware\\StartSession->handle()
#15 /media/rizky/B/file lama/kampus/SMT6/Rekayasa Web/praktikum/laravel-CreateRead/vendor/laravel/framework/src/Illuminate/Cookie/Middleware/AddQueuedCookiesToResponse.php(37): Illuminate\\Pipeline\\Pipeline->Illuminate\\Pipeline\\{closure}()
#16 /media/rizky/B/file lama/kampus/SMT6/Rekayasa Web/praktikum/laravel-CreateRead/vendor/laravel/framework/src/Illuminate/Pipeline/Pipeline.php(180): Illuminate\\Cookie\\Middleware\\AddQueuedCookiesToResponse->handle()
#17 /media/rizky/B/file lama/kampus/SMT6/Rekayasa Web/praktikum/laravel-CreateRead/vendor/laravel/framework/src/Illuminate/Cookie/Middleware/EncryptCookies.php(67): Illuminate\\Pipeline\\Pipeline->Illuminate\\Pipeline\\{closure}()
#18 /media/rizky/B/file lama/kampus/SMT6/Rekayasa Web/praktikum/laravel-CreateRead/vendor/laravel/framework/src/Illuminate/Pipeline/Pipeline.php(180): Illuminate\\Cookie\\Middleware\\EncryptCookies->handle()
#19 /media/rizky/B/file lama/kampus/SMT6/Rekayasa Web/praktikum/laravel-CreateRead/vendor/laravel/framework/src/Illuminate/Pipeline/Pipeline.php(116): Illuminate\\Pipeline\\Pipeline->Illuminate\\Pipeline\\{closure}()
#20 /media/rizky/B/file lama/kampus/SMT6/Rekayasa Web/praktikum/laravel-CreateRead/vendor/laravel/framework/src/Illuminate/Routing/Router.php(726): Illuminate\\Pipeline\\Pipeline->then()
#21 /media/rizky/B/file lama/kampus/SMT6/Rekayasa Web/praktikum/laravel-CreateRead/vendor/laravel/framework/src/Illuminate/Routing/Router.php(703): Illuminate\\Routing\\Router->runRouteWithinStack()
#22 /media/rizky/B/file lama/kampus/SMT6/Rekayasa Web/praktikum/laravel-CreateRead/vendor/laravel/framework/src/Illuminate/Routing/Router.php(667): Illuminate\\Routing\\Router->runRoute()
#23 /media/rizky/B/file lama/kampus/SMT6/Rekayasa Web/praktikum/laravel-CreateRead/vendor/laravel/framework/src/Illuminate/Routing/Router.php(656): Illuminate\\Routing\\Router->dispatchToRoute()
#24 /media/rizky/B/file lama/kampus/SMT6/Rekayasa Web/praktikum/laravel-CreateRead/vendor/laravel/framework/src/Illuminate/Foundation/Http/Kernel.php(167): Illuminate\\Routing\\Router->dispatch()
#25 /media/rizky/B/file lama/kampus/SMT6/Rekayasa Web/praktikum/laravel-CreateRead/vendor/laravel/framework/src/Illuminate/Pipeline/Pipeline.php(141): Illuminate\\Foundation\\Http\\Kernel->Illuminate\\Foundation\\Http\\{closure}()
#26 /media/rizky/B/file lama/kampus/SMT6/Rekayasa Web/praktikum/laravel-CreateRead/vendor/laravel/framework/src/Illuminate/Foundation/Http/Middleware/TransformsRequest.php(21): Illuminate\\Pipeline\\Pipeline->Illuminate\\Pipeline\\{closure}()
#27 /media/rizky/B/file lama/kampus/SMT6/Rekayasa Web/praktikum/laravel-CreateRead/vendor/laravel/framework/src/Illuminate/Foundation/Http/Middleware/ConvertEmptyStringsToNull.php(31): Illuminate\\Foundation\\Http\\Middleware\\TransformsRequest->handle()
#28 /media/rizky/B/file lama/kampus/SMT6/Rekayasa Web/praktikum/laravel-CreateRead/vendor/laravel/framework/src/Illuminate/Pipeline/Pipeline.php(180): Illuminate\\Foundation\\Http\\Middleware\\ConvertEmptyStringsToNull->handle()
#29 /media/rizky/B/file lama/kampus/SMT6/Rekayasa Web/praktikum/laravel-CreateRead/vendor/laravel/framework/src/Illuminate/Foundation/Http/Middleware/TransformsRequest.php(21): Illuminate\\Pipeline\\Pipeline->Illuminate\\Pipeline\\{closure}()
#30 /media/rizky/B/file lama/kampus/SMT6/Rekayasa Web/praktikum/laravel-CreateRead/vendor/laravel/framework/src/Illuminate/Foundation/Http/Middleware/TrimStrings.php(40): Illuminate\\Foundation\\Http\\Middleware\\TransformsRequest->handle()
#31 /media/rizky/B/file lama/kampus/SMT6/Rekayasa Web/praktikum/laravel-CreateRead/vendor/laravel/framework/src/Illuminate/Pipeline/Pipeline.php(180): Illuminate\\Foundation\\Http\\Middleware\\TrimStrings->handle()
#32 /media/rizky/B/file lama/kampus/SMT6/Rekayasa Web/praktikum/laravel-CreateRead/vendor/laravel/framework/src/Illuminate/Foundation/Http/Middleware/ValidatePostSize.php(27): Illuminate\\Pipeline\\Pipeline->Illuminate\\Pipeline\\{closure}()
#33 /media/rizky/B/file lama/kampus/SMT6/Rekayasa Web/praktikum/laravel-CreateRead/vendor/laravel/framework/src/Illuminate/Pipeline/Pipeline.php(180): Illuminate\\Foundation\\Http\\Middleware\\ValidatePostSize->handle()
#34 /media/rizky/B/file lama/kampus/SMT6/Rekayasa Web/praktikum/laravel-CreateRead/vendor/laravel/framework/src/Illuminate/Foundation/Http/Middleware/PreventRequestsDuringMaintenance.php(86): Illuminate\\Pipeline\\Pipeline->Illuminate\\Pipeline\\{closure}()
#35 /media/rizky/B/file lama/kampus/SMT6/Rekayasa Web/praktikum/laravel-CreateRead/vendor/laravel/framework/src/Illuminate/Pipeline/Pipeline.php(180): Illuminate\\Foundation\\Http\\Middleware\\PreventRequestsDuringMaintenance->handle()
#36 /media/rizky/B/file lama/kampus/SMT6/Rekayasa Web/praktikum/laravel-CreateRead/vendor/laravel/framework/src/Illuminate/Http/Middleware/HandleCors.php(49): Illuminate\\Pipeline\\Pipeline->Illuminate\\Pipeline\\{closure}()
#37 /media/rizky/B/file lama/kampus/SMT6/Rekayasa Web/praktikum/laravel-CreateRead/vendor/laravel/framework/src/Illuminate/Pipeline/Pipeline.php(180): Illuminate\\Http\\Middleware\\HandleCors->handle()
#38 /media/rizky/B/file lama/kampus/SMT6/Rekayasa Web/praktikum/laravel-CreateRead/vendor/laravel/framework/src/Illuminate/Http/Middleware/TrustProxies.php(39): Illuminate\\Pipeline\\Pipeline->Illuminate\\Pipeline\\{closure}()
#39 /media/rizky/B/file lama/kampus/SMT6/Rekayasa Web/praktikum/laravel-CreateRead/vendor/laravel/framework/src/Illuminate/Pipeline/Pipeline.php(180): Illuminate\\Http\\Middleware\\TrustProxies->handle()
#40 /media/rizky/B/file lama/kampus/SMT6/Rekayasa Web/praktikum/laravel-CreateRead/vendor/laravel/framework/src/Illuminate/Pipeline/Pipeline.php(116): Illuminate\\Pipeline\\Pipeline->Illuminate\\Pipeline\\{closure}()
#41 /media/rizky/B/file lama/kampus/SMT6/Rekayasa Web/praktikum/laravel-CreateRead/vendor/laravel/framework/src/Illuminate/Foundation/Http/Kernel.php(142): Illuminate\\Pipeline\\Pipeline->then()
#42 /media/rizky/B/file lama/kampus/SMT6/Rekayasa Web/praktikum/laravel-CreateRead/vendor/laravel/framework/src/Illuminate/Foundation/Http/Kernel.php(111): Illuminate\\Foundation\\Http\\Kernel->sendRequestThroughRouter()
#43 /media/rizky/B/file lama/kampus/SMT6/Rekayasa Web/praktikum/laravel-CreateRead/public/index.php(52): Illuminate\\Foundation\\Http\\Kernel->handle()
#44 /media/rizky/B/file lama/kampus/SMT6/Rekayasa Web/praktikum/laravel-CreateRead/vendor/laravel/framework/src/Illuminate/Foundation/resources/server.php(16): require_once('...')
#45 {main}
"} 
[2022-06-01 06:14:05] local.ERROR: syntax error, unexpected token "<" {"exception":"[object] (ParseError(code: 0): syntax error, unexpected token \"<\" at /media/rizky/B/file lama/kampus/SMT6/Rekayasa Web/praktikum/laravel-CreateRead/app/Http/Controllers/PostController.php:46)
[stacktrace]
#0 /media/rizky/B/file lama/kampus/SMT6/Rekayasa Web/praktikum/laravel-CreateRead/vendor/composer/ClassLoader.php(428): Composer\\Autoload\\includeFile()
#1 [internal function]: Composer\\Autoload\\ClassLoader->loadClass()
#2 /media/rizky/B/file lama/kampus/SMT6/Rekayasa Web/praktikum/laravel-CreateRead/vendor/laravel/framework/src/Illuminate/Container/Container.php(875): ReflectionClass->__construct()
#3 /media/rizky/B/file lama/kampus/SMT6/Rekayasa Web/praktikum/laravel-CreateRead/vendor/laravel/framework/src/Illuminate/Container/Container.php(756): Illuminate\\Container\\Container->build()
#4 /media/rizky/B/file lama/kampus/SMT6/Rekayasa Web/praktikum/laravel-CreateRead/vendor/laravel/framework/src/Illuminate/Foundation/Application.php(855): Illuminate\\Container\\Container->resolve()
#5 /media/rizky/B/file lama/kampus/SMT6/Rekayasa Web/praktikum/laravel-CreateRead/vendor/laravel/framework/src/Illuminate/Container/Container.php(692): Illuminate\\Foundation\\Application->resolve()
#6 /media/rizky/B/file lama/kampus/SMT6/Rekayasa Web/praktikum/laravel-CreateRead/vendor/laravel/framework/src/Illuminate/Foundation/Application.php(840): Illuminate\\Container\\Container->make()
#7 /media/rizky/B/file lama/kampus/SMT6/Rekayasa Web/praktikum/laravel-CreateRead/vendor/laravel/framework/src/Illuminate/Routing/Route.php(275): Illuminate\\Foundation\\Application->make()
#8 /media/rizky/B/file lama/kampus/SMT6/Rekayasa Web/praktikum/laravel-CreateRead/vendor/laravel/framework/src/Illuminate/Routing/Route.php(1083): Illuminate\\Routing\\Route->getController()
#9 /media/rizky/B/file lama/kampus/SMT6/Rekayasa Web/praktikum/laravel-CreateRead/vendor/laravel/framework/src/Illuminate/Routing/Route.php(1026): Illuminate\\Routing\\Route->controllerMiddleware()
#10 /media/rizky/B/file lama/kampus/SMT6/Rekayasa Web/praktikum/laravel-CreateRead/vendor/laravel/framework/src/Illuminate/Routing/Router.php(737): Illuminate\\Routing\\Route->gatherMiddleware()
#11 /media/rizky/B/file lama/kampus/SMT6/Rekayasa Web/praktikum/laravel-CreateRead/vendor/laravel/framework/src/Illuminate/Routing/Router.php(719): Illuminate\\Routing\\Router->gatherRouteMiddleware()
#12 /media/rizky/B/file lama/kampus/SMT6/Rekayasa Web/praktikum/laravel-CreateRead/vendor/laravel/framework/src/Illuminate/Routing/Router.php(703): Illuminate\\Routing\\Router->runRouteWithinStack()
#13 /media/rizky/B/file lama/kampus/SMT6/Rekayasa Web/praktikum/laravel-CreateRead/vendor/laravel/framework/src/Illuminate/Routing/Router.php(667): Illuminate\\Routing\\Router->runRoute()
#14 /media/rizky/B/file lama/kampus/SMT6/Rekayasa Web/praktikum/laravel-CreateRead/vendor/laravel/framework/src/Illuminate/Routing/Router.php(656): Illuminate\\Routing\\Router->dispatchToRoute()
#15 /media/rizky/B/file lama/kampus/SMT6/Rekayasa Web/praktikum/laravel-CreateRead/vendor/laravel/framework/src/Illuminate/Foundation/Http/Kernel.php(167): Illuminate\\Routing\\Router->dispatch()
#16 /media/rizky/B/file lama/kampus/SMT6/Rekayasa Web/praktikum/laravel-CreateRead/vendor/laravel/framework/src/Illuminate/Pipeline/Pipeline.php(141): Illuminate\\Foundation\\Http\\Kernel->Illuminate\\Foundation\\Http\\{closure}()
#17 /media/rizky/B/file lama/kampus/SMT6/Rekayasa Web/praktikum/laravel-CreateRead/vendor/laravel/framework/src/Illuminate/Foundation/Http/Middleware/TransformsRequest.php(21): Illuminate\\Pipeline\\Pipeline->Illuminate\\Pipeline\\{closure}()
#18 /media/rizky/B/file lama/kampus/SMT6/Rekayasa Web/praktikum/laravel-CreateRead/vendor/laravel/framework/src/Illuminate/Foundation/Http/Middleware/ConvertEmptyStringsToNull.php(31): Illuminate\\Foundation\\Http\\Middleware\\TransformsRequest->handle()
#19 /media/rizky/B/file lama/kampus/SMT6/Rekayasa Web/praktikum/laravel-CreateRead/vendor/laravel/framework/src/Illuminate/Pipeline/Pipeline.php(180): Illuminate\\Foundation\\Http\\Middleware\\ConvertEmptyStringsToNull->handle()
#20 /media/rizky/B/file lama/kampus/SMT6/Rekayasa Web/praktikum/laravel-CreateRead/vendor/laravel/framework/src/Illuminate/Foundation/Http/Middleware/TransformsRequest.php(21): Illuminate\\Pipeline\\Pipeline->Illuminate\\Pipeline\\{closure}()
#21 /media/rizky/B/file lama/kampus/SMT6/Rekayasa Web/praktikum/laravel-CreateRead/vendor/laravel/framework/src/Illuminate/Foundation/Http/Middleware/TrimStrings.php(40): Illuminate\\Foundation\\Http\\Middleware\\TransformsRequest->handle()
#22 /media/rizky/B/file lama/kampus/SMT6/Rekayasa Web/praktikum/laravel-CreateRead/vendor/laravel/framework/src/Illuminate/Pipeline/Pipeline.php(180): Illuminate\\Foundation\\Http\\Middleware\\TrimStrings->handle()
#23 /media/rizky/B/file lama/kampus/SMT6/Rekayasa Web/praktikum/laravel-CreateRead/vendor/laravel/framework/src/Illuminate/Foundation/Http/Middleware/ValidatePostSize.php(27): Illuminate\\Pipeline\\Pipeline->Illuminate\\Pipeline\\{closure}()
#24 /media/rizky/B/file lama/kampus/SMT6/Rekayasa Web/praktikum/laravel-CreateRead/vendor/laravel/framework/src/Illuminate/Pipeline/Pipeline.php(180): Illuminate\\Foundation\\Http\\Middleware\\ValidatePostSize->handle()
#25 /media/rizky/B/file lama/kampus/SMT6/Rekayasa Web/praktikum/laravel-CreateRead/vendor/laravel/framework/src/Illuminate/Foundation/Http/Middleware/PreventRequestsDuringMaintenance.php(86): Illuminate\\Pipeline\\Pipeline->Illuminate\\Pipeline\\{closure}()
#26 /media/rizky/B/file lama/kampus/SMT6/Rekayasa Web/praktikum/laravel-CreateRead/vendor/laravel/framework/src/Illuminate/Pipeline/Pipeline.php(180): Illuminate\\Foundation\\Http\\Middleware\\PreventRequestsDuringMaintenance->handle()
#27 /media/rizky/B/file lama/kampus/SMT6/Rekayasa Web/praktikum/laravel-CreateRead/vendor/laravel/framework/src/Illuminate/Http/Middleware/HandleCors.php(49): Illuminate\\Pipeline\\Pipeline->Illuminate\\Pipeline\\{closure}()
#28 /media/rizky/B/file lama/kampus/SMT6/Rekayasa Web/praktikum/laravel-CreateRead/vendor/laravel/framework/src/Illuminate/Pipeline/Pipeline.php(180): Illuminate\\Http\\Middleware\\HandleCors->handle()
#29 /media/rizky/B/file lama/kampus/SMT6/Rekayasa Web/praktikum/laravel-CreateRead/vendor/laravel/framework/src/Illuminate/Http/Middleware/TrustProxies.php(39): Illuminate\\Pipeline\\Pipeline->Illuminate\\Pipeline\\{closure}()
#30 /media/rizky/B/file lama/kampus/SMT6/Rekayasa Web/praktikum/laravel-CreateRead/vendor/laravel/framework/src/Illuminate/Pipeline/Pipeline.php(180): Illuminate\\Http\\Middleware\\TrustProxies->handle()
#31 /media/rizky/B/file lama/kampus/SMT6/Rekayasa Web/praktikum/laravel-CreateRead/vendor/laravel/framework/src/Illuminate/Pipeline/Pipeline.php(116): Illuminate\\Pipeline\\Pipeline->Illuminate\\Pipeline\\{closure}()
#32 /media/rizky/B/file lama/kampus/SMT6/Rekayasa Web/praktikum/laravel-CreateRead/vendor/laravel/framework/src/Illuminate/Foundation/Http/Kernel.php(142): Illuminate\\Pipeline\\Pipeline->then()
#33 /media/rizky/B/file lama/kampus/SMT6/Rekayasa Web/praktikum/laravel-CreateRead/vendor/laravel/framework/src/Illuminate/Foundation/Http/Kernel.php(111): Illuminate\\Foundation\\Http\\Kernel->sendRequestThroughRouter()
#34 /media/rizky/B/file lama/kampus/SMT6/Rekayasa Web/praktikum/laravel-CreateRead/public/index.php(52): Illuminate\\Foundation\\Http\\Kernel->handle()
#35 /media/rizky/B/file lama/kampus/SMT6/Rekayasa Web/praktikum/laravel-CreateRead/vendor/laravel/framework/src/Illuminate/Foundation/resources/server.php(16): require_once('...')
#36 {main}
"} 
